{"C:\\Users\\adiac\\Desktop\\work\\projects\\nasa\\nasa-project\\src\\App.jsx": {"path":"C:\\Users\\adiac\\Desktop\\work\\projects\\nasa\\nasa-project\\src\\App.jsx","all":false,"statementMap":{"0":{"start":{"line":1,"column":0},"end":{"line":1,"column":37}},"1":{"start":{"line":2,"column":0},"end":{"line":2,"column":43}},"2":{"start":{"line":3,"column":0},"end":{"line":3,"column":62}},"3":{"start":{"line":4,"column":0},"end":{"line":4,"column":58}},"4":{"start":{"line":5,"column":0},"end":{"line":5,"column":70}},"5":{"start":{"line":6,"column":0},"end":{"line":6,"column":64}},"6":{"start":{"line":7,"column":0},"end":{"line":7,"column":72}},"7":{"start":{"line":8,"column":0},"end":{"line":8,"column":64}},"8":{"start":{"line":9,"column":0},"end":{"line":9,"column":0}},"9":{"start":{"line":10,"column":0},"end":{"line":10,"column":0}},"10":{"start":{"line":11,"column":0},"end":{"line":11,"column":16}},"11":{"start":{"line":12,"column":0},"end":{"line":12,"column":10}},"12":{"start":{"line":13,"column":0},"end":{"line":13,"column":6}},"13":{"start":{"line":14,"column":0},"end":{"line":14,"column":21}},"14":{"start":{"line":15,"column":0},"end":{"line":15,"column":16}},"15":{"start":{"line":16,"column":0},"end":{"line":16,"column":37}},"16":{"start":{"line":17,"column":0},"end":{"line":17,"column":45}},"17":{"start":{"line":18,"column":0},"end":{"line":18,"column":39}},"18":{"start":{"line":19,"column":0},"end":{"line":19,"column":26}},"19":{"start":{"line":20,"column":0},"end":{"line":20,"column":43}},"20":{"start":{"line":21,"column":0},"end":{"line":21,"column":45}},"21":{"start":{"line":22,"column":0},"end":{"line":22,"column":33}},"22":{"start":{"line":23,"column":0},"end":{"line":23,"column":27}},"23":{"start":{"line":24,"column":0},"end":{"line":24,"column":46}},"24":{"start":{"line":25,"column":0},"end":{"line":25,"column":45}},"25":{"start":{"line":26,"column":0},"end":{"line":26,"column":36}},"26":{"start":{"line":27,"column":0},"end":{"line":27,"column":27}},"27":{"start":{"line":28,"column":0},"end":{"line":28,"column":50}},"28":{"start":{"line":29,"column":0},"end":{"line":29,"column":44}},"29":{"start":{"line":30,"column":0},"end":{"line":30,"column":33}},"30":{"start":{"line":31,"column":0},"end":{"line":31,"column":26}},"31":{"start":{"line":32,"column":0},"end":{"line":32,"column":42}},"32":{"start":{"line":33,"column":0},"end":{"line":33,"column":44}},"33":{"start":{"line":34,"column":0},"end":{"line":34,"column":29}},"34":{"start":{"line":35,"column":0},"end":{"line":35,"column":26}},"35":{"start":{"line":36,"column":0},"end":{"line":36,"column":17}},"36":{"start":{"line":37,"column":0},"end":{"line":37,"column":22}},"37":{"start":{"line":38,"column":0},"end":{"line":38,"column":6}},"38":{"start":{"line":39,"column":0},"end":{"line":39,"column":7}},"39":{"start":{"line":40,"column":0},"end":{"line":40,"column":3}},"40":{"start":{"line":41,"column":0},"end":{"line":41,"column":1}},"41":{"start":{"line":42,"column":0},"end":{"line":42,"column":0}},"42":{"start":{"line":43,"column":0},"end":{"line":43,"column":18}}},"s":{"0":1,"1":1,"2":1,"3":1,"4":1,"5":1,"6":1,"7":1,"8":1,"9":1,"10":0,"11":0,"12":0,"13":0,"14":0,"15":0,"16":0,"17":0,"18":0,"19":0,"20":0,"21":0,"22":0,"23":0,"24":0,"25":0,"26":0,"27":0,"28":0,"29":0,"30":0,"31":0,"32":0,"33":0,"34":0,"35":0,"36":0,"37":0,"38":0,"39":0,"40":0,"41":1,"42":1},"branchMap":{},"b":{},"fnMap":{"0":{"name":"App","decl":{"start":{"line":11,"column":0},"end":{"line":41,"column":1}},"loc":{"start":{"line":11,"column":0},"end":{"line":41,"column":1}},"line":11}},"f":{"0":0}}
,"C:\\Users\\adiac\\Desktop\\work\\projects\\nasa\\nasa-project\\src\\components\\Calendar.jsx": {"path":"C:\\Users\\adiac\\Desktop\\work\\projects\\nasa\\nasa-project\\src\\components\\Calendar.jsx","all":false,"statementMap":{"0":{"start":{"line":1,"column":0},"end":{"line":1,"column":0}},"1":{"start":{"line":2,"column":0},"end":{"line":2,"column":84}},"2":{"start":{"line":3,"column":0},"end":{"line":3,"column":133}},"3":{"start":{"line":4,"column":0},"end":{"line":4,"column":3}},"4":{"start":{"line":5,"column":0},"end":{"line":5,"column":1}},"5":{"start":{"line":6,"column":0},"end":{"line":6,"column":0}},"6":{"start":{"line":7,"column":0},"end":{"line":7,"column":23}}},"s":{"0":1,"1":6,"2":6,"3":6,"4":6,"5":1,"6":1},"branchMap":{"0":{"type":"branch","line":2,"loc":{"start":{"line":2,"column":0},"end":{"line":5,"column":1}},"locations":[{"start":{"line":2,"column":0},"end":{"line":5,"column":1}}]},"1":{"type":"branch","line":3,"loc":{"start":{"line":3,"column":97},"end":{"line":3,"column":133}},"locations":[{"start":{"line":3,"column":97},"end":{"line":3,"column":133}}]}},"b":{"0":[6],"1":[1]},"fnMap":{"0":{"name":"Calendar","decl":{"start":{"line":2,"column":0},"end":{"line":5,"column":1}},"loc":{"start":{"line":2,"column":0},"end":{"line":5,"column":1}},"line":2},"1":{"name":"onChange","decl":{"start":{"line":3,"column":97},"end":{"line":3,"column":133}},"loc":{"start":{"line":3,"column":97},"end":{"line":3,"column":133}},"line":3}},"f":{"0":6,"1":1}}
,"C:\\Users\\adiac\\Desktop\\work\\projects\\nasa\\nasa-project\\src\\components\\Error.jsx": {"path":"C:\\Users\\adiac\\Desktop\\work\\projects\\nasa\\nasa-project\\src\\components\\Error.jsx","all":false,"statementMap":{"0":{"start":{"line":1,"column":0},"end":{"line":1,"column":25}},"1":{"start":{"line":2,"column":0},"end":{"line":2,"column":0}},"2":{"start":{"line":3,"column":0},"end":{"line":3,"column":25}},"3":{"start":{"line":4,"column":0},"end":{"line":4,"column":10}},"4":{"start":{"line":5,"column":0},"end":{"line":5,"column":97}},"5":{"start":{"line":6,"column":0},"end":{"line":6,"column":3}},"6":{"start":{"line":7,"column":0},"end":{"line":7,"column":1}},"7":{"start":{"line":8,"column":0},"end":{"line":8,"column":0}},"8":{"start":{"line":9,"column":0},"end":{"line":9,"column":20}}},"s":{"0":1,"1":1,"2":1,"3":1,"4":1,"5":1,"6":1,"7":1,"8":1},"branchMap":{"0":{"type":"branch","line":3,"loc":{"start":{"line":3,"column":0},"end":{"line":7,"column":1}},"locations":[{"start":{"line":3,"column":0},"end":{"line":7,"column":1}}]}},"b":{"0":[1]},"fnMap":{"0":{"name":"Error","decl":{"start":{"line":3,"column":0},"end":{"line":7,"column":1}},"loc":{"start":{"line":3,"column":0},"end":{"line":7,"column":1}},"line":3}},"f":{"0":1}}
,"C:\\Users\\adiac\\Desktop\\work\\projects\\nasa\\nasa-project\\src\\components\\Header.jsx": {"path":"C:\\Users\\adiac\\Desktop\\work\\projects\\nasa\\nasa-project\\src\\components\\Header.jsx","all":false,"statementMap":{"0":{"start":{"line":1,"column":0},"end":{"line":1,"column":25}},"1":{"start":{"line":2,"column":0},"end":{"line":2,"column":0}},"2":{"start":{"line":3,"column":0},"end":{"line":3,"column":26}},"3":{"start":{"line":4,"column":0},"end":{"line":4,"column":10}},"4":{"start":{"line":5,"column":0},"end":{"line":5,"column":38}},"5":{"start":{"line":6,"column":0},"end":{"line":6,"column":3}},"6":{"start":{"line":7,"column":0},"end":{"line":7,"column":1}},"7":{"start":{"line":8,"column":0},"end":{"line":8,"column":0}},"8":{"start":{"line":9,"column":0},"end":{"line":9,"column":22}}},"s":{"0":1,"1":1,"2":1,"3":17,"4":17,"5":17,"6":17,"7":1,"8":1},"branchMap":{"0":{"type":"branch","line":3,"loc":{"start":{"line":3,"column":1},"end":{"line":7,"column":1}},"locations":[{"start":{"line":3,"column":1},"end":{"line":7,"column":1}}]}},"b":{"0":[17]},"fnMap":{"0":{"name":"Header","decl":{"start":{"line":3,"column":1},"end":{"line":7,"column":1}},"loc":{"start":{"line":3,"column":1},"end":{"line":7,"column":1}},"line":3}},"f":{"0":17}}
,"C:\\Users\\adiac\\Desktop\\work\\projects\\nasa\\nasa-project\\src\\components\\ImageContainer.jsx": {"path":"C:\\Users\\adiac\\Desktop\\work\\projects\\nasa\\nasa-project\\src\\components\\ImageContainer.jsx","all":false,"statementMap":{"0":{"start":{"line":1,"column":0},"end":{"line":1,"column":25}},"1":{"start":{"line":2,"column":0},"end":{"line":2,"column":0}},"2":{"start":{"line":3,"column":0},"end":{"line":3,"column":48}},"3":{"start":{"line":4,"column":0},"end":{"line":4,"column":10}},"4":{"start":{"line":5,"column":0},"end":{"line":5,"column":37}},"5":{"start":{"line":6,"column":0},"end":{"line":6,"column":46}},"6":{"start":{"line":7,"column":0},"end":{"line":7,"column":10}},"7":{"start":{"line":8,"column":0},"end":{"line":8,"column":3}},"8":{"start":{"line":9,"column":0},"end":{"line":9,"column":1}},"9":{"start":{"line":10,"column":0},"end":{"line":10,"column":0}},"10":{"start":{"line":11,"column":0},"end":{"line":11,"column":29}}},"s":{"0":1,"1":1,"2":19,"3":19,"4":19,"5":19,"6":19,"7":19,"8":19,"9":1,"10":1},"branchMap":{"0":{"type":"branch","line":3,"loc":{"start":{"line":3,"column":0},"end":{"line":9,"column":1}},"locations":[{"start":{"line":3,"column":0},"end":{"line":9,"column":1}}]}},"b":{"0":[19]},"fnMap":{"0":{"name":"ImageContainer","decl":{"start":{"line":3,"column":0},"end":{"line":9,"column":1}},"loc":{"start":{"line":3,"column":0},"end":{"line":9,"column":1}},"line":3}},"f":{"0":19}}
,"C:\\Users\\adiac\\Desktop\\work\\projects\\nasa\\nasa-project\\src\\components\\InformationContainer.jsx": {"path":"C:\\Users\\adiac\\Desktop\\work\\projects\\nasa\\nasa-project\\src\\components\\InformationContainer.jsx","all":false,"statementMap":{"0":{"start":{"line":1,"column":0},"end":{"line":1,"column":26}},"1":{"start":{"line":2,"column":0},"end":{"line":2,"column":44}},"2":{"start":{"line":3,"column":0},"end":{"line":3,"column":0}},"3":{"start":{"line":4,"column":0},"end":{"line":4,"column":0}},"4":{"start":{"line":5,"column":0},"end":{"line":5,"column":104}},"5":{"start":{"line":6,"column":0},"end":{"line":6,"column":10}},"6":{"start":{"line":7,"column":0},"end":{"line":7,"column":27}},"7":{"start":{"line":8,"column":0},"end":{"line":8,"column":41}},"8":{"start":{"line":9,"column":0},"end":{"line":9,"column":96}},"9":{"start":{"line":10,"column":0},"end":{"line":10,"column":14}},"10":{"start":{"line":11,"column":0},"end":{"line":11,"column":40}},"11":{"start":{"line":12,"column":0},"end":{"line":12,"column":28}},"12":{"start":{"line":13,"column":0},"end":{"line":13,"column":33}},"13":{"start":{"line":14,"column":0},"end":{"line":14,"column":47}},"14":{"start":{"line":15,"column":0},"end":{"line":15,"column":18}},"15":{"start":{"line":16,"column":0},"end":{"line":16,"column":111}},"16":{"start":{"line":17,"column":0},"end":{"line":17,"column":14}},"17":{"start":{"line":18,"column":0},"end":{"line":18,"column":12}},"18":{"start":{"line":19,"column":0},"end":{"line":19,"column":10}},"19":{"start":{"line":20,"column":0},"end":{"line":20,"column":3}},"20":{"start":{"line":21,"column":0},"end":{"line":21,"column":2}},"21":{"start":{"line":22,"column":0},"end":{"line":22,"column":0}},"22":{"start":{"line":23,"column":0},"end":{"line":23,"column":35}}},"s":{"0":1,"1":1,"2":1,"3":1,"4":1,"5":10,"6":10,"7":10,"8":10,"9":10,"10":10,"11":10,"12":10,"13":10,"14":10,"15":10,"16":10,"17":10,"18":10,"19":10,"20":10,"21":1,"22":1},"branchMap":{"0":{"type":"branch","line":5,"loc":{"start":{"line":5,"column":41},"end":{"line":21,"column":2}},"locations":[{"start":{"line":5,"column":41},"end":{"line":21,"column":2}}]},"1":{"type":"branch","line":9,"loc":{"start":{"line":9,"column":67},"end":{"line":9,"column":96}},"locations":[{"start":{"line":9,"column":67},"end":{"line":9,"column":96}}]},"2":{"type":"branch","line":16,"loc":{"start":{"line":16,"column":13},"end":{"line":16,"column":79}},"locations":[{"start":{"line":16,"column":13},"end":{"line":16,"column":79}}]},"3":{"type":"branch","line":16,"loc":{"start":{"line":16,"column":78},"end":{"line":16,"column":111}},"locations":[{"start":{"line":16,"column":78},"end":{"line":16,"column":111}}]}},"b":{"0":[10],"1":[0],"2":[7],"3":[3]},"fnMap":{},"f":{}}
,"C:\\Users\\adiac\\Desktop\\work\\projects\\nasa\\nasa-project\\src\\components\\InputText.jsx": {"path":"C:\\Users\\adiac\\Desktop\\work\\projects\\nasa\\nasa-project\\src\\components\\InputText.jsx","all":false,"statementMap":{"0":{"start":{"line":1,"column":0},"end":{"line":1,"column":25}},"1":{"start":{"line":2,"column":0},"end":{"line":2,"column":0}},"2":{"start":{"line":3,"column":0},"end":{"line":3,"column":47}},"3":{"start":{"line":4,"column":0},"end":{"line":4,"column":10}},"4":{"start":{"line":5,"column":0},"end":{"line":5,"column":25}},"5":{"start":{"line":6,"column":0},"end":{"line":6,"column":47}},"6":{"start":{"line":7,"column":0},"end":{"line":7,"column":124}},"7":{"start":{"line":8,"column":0},"end":{"line":8,"column":10}},"8":{"start":{"line":9,"column":0},"end":{"line":9,"column":5}},"9":{"start":{"line":10,"column":0},"end":{"line":10,"column":1}},"10":{"start":{"line":11,"column":0},"end":{"line":11,"column":0}},"11":{"start":{"line":12,"column":0},"end":{"line":12,"column":24}}},"s":{"0":1,"1":1,"2":5,"3":5,"4":5,"5":5,"6":5,"7":5,"8":5,"9":5,"10":1,"11":1},"branchMap":{"0":{"type":"branch","line":3,"loc":{"start":{"line":3,"column":0},"end":{"line":10,"column":1}},"locations":[{"start":{"line":3,"column":0},"end":{"line":10,"column":1}}]},"1":{"type":"branch","line":7,"loc":{"start":{"line":7,"column":87},"end":{"line":7,"column":124}},"locations":[{"start":{"line":7,"column":87},"end":{"line":7,"column":124}}]}},"b":{"0":[5],"1":[1]},"fnMap":{"0":{"name":"InputText","decl":{"start":{"line":3,"column":0},"end":{"line":10,"column":1}},"loc":{"start":{"line":3,"column":0},"end":{"line":10,"column":1}},"line":3},"1":{"name":"onChange","decl":{"start":{"line":7,"column":87},"end":{"line":7,"column":124}},"loc":{"start":{"line":7,"column":87},"end":{"line":7,"column":124}},"line":7}},"f":{"0":5,"1":1}}
,"C:\\Users\\adiac\\Desktop\\work\\projects\\nasa\\nasa-project\\src\\components\\ModalOverlay.jsx": {"path":"C:\\Users\\adiac\\Desktop\\work\\projects\\nasa\\nasa-project\\src\\components\\ModalOverlay.jsx","all":false,"statementMap":{"0":{"start":{"line":1,"column":0},"end":{"line":1,"column":0}},"1":{"start":{"line":2,"column":0},"end":{"line":2,"column":36}},"2":{"start":{"line":3,"column":0},"end":{"line":3,"column":34}},"3":{"start":{"line":4,"column":0},"end":{"line":4,"column":0}},"4":{"start":{"line":5,"column":0},"end":{"line":5,"column":58}},"5":{"start":{"line":6,"column":0},"end":{"line":6,"column":50}},"6":{"start":{"line":7,"column":0},"end":{"line":7,"column":41}},"7":{"start":{"line":8,"column":0},"end":{"line":8,"column":40}},"8":{"start":{"line":9,"column":0},"end":{"line":9,"column":12}},"9":{"start":{"line":10,"column":0},"end":{"line":10,"column":8}},"10":{"start":{"line":11,"column":0},"end":{"line":11,"column":22}},"11":{"start":{"line":12,"column":0},"end":{"line":12,"column":34}},"12":{"start":{"line":13,"column":0},"end":{"line":13,"column":9}},"13":{"start":{"line":14,"column":0},"end":{"line":14,"column":6}},"14":{"start":{"line":15,"column":0},"end":{"line":15,"column":4}},"15":{"start":{"line":16,"column":0},"end":{"line":16,"column":2}},"16":{"start":{"line":17,"column":0},"end":{"line":17,"column":42}},"17":{"start":{"line":18,"column":0},"end":{"line":18,"column":26}},"18":{"start":{"line":19,"column":0},"end":{"line":19,"column":37}},"19":{"start":{"line":20,"column":0},"end":{"line":20,"column":31}},"20":{"start":{"line":21,"column":0},"end":{"line":21,"column":20}},"21":{"start":{"line":22,"column":0},"end":{"line":22,"column":14}},"22":{"start":{"line":23,"column":0},"end":{"line":23,"column":12}},"23":{"start":{"line":24,"column":0},"end":{"line":24,"column":7}},"24":{"start":{"line":25,"column":0},"end":{"line":25,"column":43}},"25":{"start":{"line":26,"column":0},"end":{"line":26,"column":5}},"26":{"start":{"line":27,"column":0},"end":{"line":27,"column":4}},"27":{"start":{"line":28,"column":0},"end":{"line":28,"column":0}},"28":{"start":{"line":29,"column":0},"end":{"line":29,"column":0}},"29":{"start":{"line":30,"column":0},"end":{"line":30,"column":0}},"30":{"start":{"line":31,"column":0},"end":{"line":31,"column":28}}},"s":{"0":1,"1":1,"2":1,"3":1,"4":1,"5":20,"6":20,"7":20,"8":20,"9":20,"10":20,"11":20,"12":20,"13":20,"14":20,"15":1,"16":1,"17":0,"18":0,"19":0,"20":0,"21":0,"22":0,"23":0,"24":0,"25":1,"26":1,"27":1,"28":1,"29":1,"30":1},"branchMap":{"0":{"type":"branch","line":5,"loc":{"start":{"line":5,"column":32},"end":{"line":15,"column":4}},"locations":[{"start":{"line":5,"column":32},"end":{"line":15,"column":4}}]},"1":{"type":"branch","line":12,"loc":{"start":{"line":12,"column":9},"end":{"line":12,"column":34}},"locations":[{"start":{"line":12,"column":9},"end":{"line":12,"column":34}}]}},"b":{"0":[20],"1":[0]},"fnMap":{"0":{"name":"hide","decl":{"start":{"line":7,"column":17},"end":{"line":7,"column":41}},"loc":{"start":{"line":7,"column":17},"end":{"line":7,"column":41}},"line":7},"1":{"name":"show","decl":{"start":{"line":8,"column":17},"end":{"line":8,"column":40}},"loc":{"start":{"line":8,"column":17},"end":{"line":8,"column":40}},"line":8},"2":{"name":"Modal","decl":{"start":{"line":17,"column":23},"end":{"line":25,"column":43}},"loc":{"start":{"line":17,"column":23},"end":{"line":25,"column":43}},"line":17}},"f":{"0":0,"1":0,"2":0}}
,"C:\\Users\\adiac\\Desktop\\work\\projects\\nasa\\nasa-project\\src\\components\\Navigation.jsx": {"path":"C:\\Users\\adiac\\Desktop\\work\\projects\\nasa\\nasa-project\\src\\components\\Navigation.jsx","all":false,"statementMap":{"0":{"start":{"line":1,"column":0},"end":{"line":1,"column":36}},"1":{"start":{"line":2,"column":0},"end":{"line":2,"column":39}},"2":{"start":{"line":3,"column":0},"end":{"line":3,"column":43}},"3":{"start":{"line":4,"column":0},"end":{"line":4,"column":0}},"4":{"start":{"line":5,"column":0},"end":{"line":5,"column":37}},"5":{"start":{"line":6,"column":0},"end":{"line":6,"column":49}},"6":{"start":{"line":7,"column":0},"end":{"line":7,"column":10}},"7":{"start":{"line":8,"column":0},"end":{"line":8,"column":28}},"8":{"start":{"line":9,"column":0},"end":{"line":9,"column":38}},"9":{"start":{"line":10,"column":0},"end":{"line":10,"column":46}},"10":{"start":{"line":11,"column":0},"end":{"line":11,"column":12}},"11":{"start":{"line":12,"column":0},"end":{"line":12,"column":60}},"12":{"start":{"line":13,"column":0},"end":{"line":13,"column":99}},"13":{"start":{"line":14,"column":0},"end":{"line":14,"column":99}},"14":{"start":{"line":15,"column":0},"end":{"line":15,"column":105}},"15":{"start":{"line":16,"column":0},"end":{"line":16,"column":114}},"16":{"start":{"line":17,"column":0},"end":{"line":17,"column":101}},"17":{"start":{"line":18,"column":0},"end":{"line":18,"column":11}},"18":{"start":{"line":19,"column":0},"end":{"line":19,"column":103}},"19":{"start":{"line":20,"column":0},"end":{"line":20,"column":37}},"20":{"start":{"line":21,"column":0},"end":{"line":21,"column":37}},"21":{"start":{"line":22,"column":0},"end":{"line":22,"column":37}},"22":{"start":{"line":23,"column":0},"end":{"line":23,"column":15}},"23":{"start":{"line":24,"column":0},"end":{"line":24,"column":10}},"24":{"start":{"line":25,"column":0},"end":{"line":25,"column":3}},"25":{"start":{"line":26,"column":0},"end":{"line":26,"column":2}},"26":{"start":{"line":27,"column":0},"end":{"line":27,"column":0}},"27":{"start":{"line":28,"column":0},"end":{"line":28,"column":25}}},"s":{"0":1,"1":1,"2":1,"3":1,"4":1,"5":10,"6":10,"7":10,"8":10,"9":10,"10":10,"11":10,"12":10,"13":10,"14":10,"15":10,"16":10,"17":10,"18":10,"19":10,"20":10,"21":10,"22":10,"23":10,"24":10,"25":10,"26":1,"27":1},"branchMap":{"0":{"type":"branch","line":5,"loc":{"start":{"line":5,"column":30},"end":{"line":26,"column":2}},"locations":[{"start":{"line":5,"column":30},"end":{"line":26,"column":2}}]},"1":{"type":"branch","line":12,"loc":{"start":{"line":12,"column":21},"end":{"line":12,"column":48}},"locations":[{"start":{"line":12,"column":21},"end":{"line":12,"column":48}}]},"2":{"type":"branch","line":12,"loc":{"start":{"line":12,"column":30},"end":{"line":12,"column":58}},"locations":[{"start":{"line":12,"column":30},"end":{"line":12,"column":58}}]},"3":{"type":"branch","line":19,"loc":{"start":{"line":19,"column":25},"end":{"line":19,"column":53}},"locations":[{"start":{"line":19,"column":25},"end":{"line":19,"column":53}}]},"4":{"type":"branch","line":19,"loc":{"start":{"line":19,"column":34},"end":{"line":19,"column":64}},"locations":[{"start":{"line":19,"column":34},"end":{"line":19,"column":64}}]},"5":{"type":"branch","line":19,"loc":{"start":{"line":19,"column":75},"end":{"line":19,"column":103}},"locations":[{"start":{"line":19,"column":75},"end":{"line":19,"column":103}}]}},"b":{"0":[10],"1":[1],"2":[9],"3":[1],"4":[9],"5":[1]},"fnMap":{"0":{"name":"onClick","decl":{"start":{"line":19,"column":75},"end":{"line":19,"column":103}},"loc":{"start":{"line":19,"column":75},"end":{"line":19,"column":103}},"line":19}},"f":{"0":1}}
,"C:\\Users\\adiac\\Desktop\\work\\projects\\nasa\\nasa-project\\src\\components\\NotFound.jsx": {"path":"C:\\Users\\adiac\\Desktop\\work\\projects\\nasa\\nasa-project\\src\\components\\NotFound.jsx","all":false,"statementMap":{"0":{"start":{"line":1,"column":0},"end":{"line":1,"column":25}},"1":{"start":{"line":2,"column":0},"end":{"line":2,"column":0}},"2":{"start":{"line":3,"column":0},"end":{"line":3,"column":21}},"3":{"start":{"line":4,"column":0},"end":{"line":4,"column":10}},"4":{"start":{"line":5,"column":0},"end":{"line":5,"column":30}},"5":{"start":{"line":6,"column":0},"end":{"line":6,"column":90}},"6":{"start":{"line":7,"column":0},"end":{"line":7,"column":11}},"7":{"start":{"line":8,"column":0},"end":{"line":8,"column":3}},"8":{"start":{"line":9,"column":0},"end":{"line":9,"column":1}},"9":{"start":{"line":10,"column":0},"end":{"line":10,"column":0}},"10":{"start":{"line":11,"column":0},"end":{"line":11,"column":23}}},"s":{"0":1,"1":1,"2":0,"3":0,"4":0,"5":0,"6":0,"7":0,"8":0,"9":1,"10":1},"branchMap":{},"b":{},"fnMap":{"0":{"name":"NotFound","decl":{"start":{"line":3,"column":0},"end":{"line":9,"column":1}},"loc":{"start":{"line":3,"column":0},"end":{"line":9,"column":1}},"line":3}},"f":{"0":0}}
,"C:\\Users\\adiac\\Desktop\\work\\projects\\nasa\\nasa-project\\src\\components\\ScrollBTN.jsx": {"path":"C:\\Users\\adiac\\Desktop\\work\\projects\\nasa\\nasa-project\\src\\components\\ScrollBTN.jsx","all":false,"statementMap":{"0":{"start":{"line":1,"column":0},"end":{"line":1,"column":41}},"1":{"start":{"line":2,"column":0},"end":{"line":2,"column":0}},"2":{"start":{"line":3,"column":0},"end":{"line":3,"column":22}},"3":{"start":{"line":4,"column":0},"end":{"line":4,"column":49}},"4":{"start":{"line":5,"column":0},"end":{"line":5,"column":6}},"5":{"start":{"line":6,"column":0},"end":{"line":6,"column":32}},"6":{"start":{"line":7,"column":0},"end":{"line":7,"column":25}},"7":{"start":{"line":8,"column":0},"end":{"line":8,"column":18}},"8":{"start":{"line":9,"column":0},"end":{"line":9,"column":28}},"9":{"start":{"line":10,"column":0},"end":{"line":10,"column":11}},"10":{"start":{"line":11,"column":0},"end":{"line":11,"column":8}},"11":{"start":{"line":12,"column":0},"end":{"line":12,"column":21}},"12":{"start":{"line":13,"column":0},"end":{"line":13,"column":53}},"13":{"start":{"line":14,"column":0},"end":{"line":14,"column":64}},"14":{"start":{"line":15,"column":0},"end":{"line":15,"column":63}},"15":{"start":{"line":16,"column":0},"end":{"line":16,"column":11}},"16":{"start":{"line":17,"column":0},"end":{"line":17,"column":0}},"17":{"start":{"line":18,"column":0},"end":{"line":18,"column":65}},"18":{"start":{"line":19,"column":0},"end":{"line":19,"column":11}},"19":{"start":{"line":20,"column":0},"end":{"line":20,"column":6}},"20":{"start":{"line":21,"column":0},"end":{"line":21,"column":10}},"21":{"start":{"line":22,"column":0},"end":{"line":22,"column":101}},"22":{"start":{"line":23,"column":0},"end":{"line":23,"column":14}},"23":{"start":{"line":24,"column":0},"end":{"line":24,"column":12}},"24":{"start":{"line":25,"column":0},"end":{"line":25,"column":3}},"25":{"start":{"line":26,"column":0},"end":{"line":26,"column":1}},"26":{"start":{"line":27,"column":0},"end":{"line":27,"column":0}},"27":{"start":{"line":28,"column":0},"end":{"line":28,"column":24}}},"s":{"0":1,"1":1,"2":9,"3":9,"4":9,"5":9,"6":0,"7":0,"8":0,"9":0,"10":0,"11":9,"12":7,"13":0,"14":0,"15":0,"16":7,"17":7,"18":9,"19":9,"20":9,"21":9,"22":9,"23":9,"24":9,"25":9,"26":1,"27":1},"branchMap":{"0":{"type":"branch","line":3,"loc":{"start":{"line":3,"column":0},"end":{"line":26,"column":1}},"locations":[{"start":{"line":3,"column":0},"end":{"line":26,"column":1}}]},"1":{"type":"branch","line":22,"loc":{"start":{"line":22,"column":48},"end":{"line":22,"column":69}},"locations":[{"start":{"line":22,"column":48},"end":{"line":22,"column":69}}]},"2":{"type":"branch","line":12,"loc":{"start":{"line":12,"column":16},"end":{"line":19,"column":8}},"locations":[{"start":{"line":12,"column":16},"end":{"line":19,"column":8}}]},"3":{"type":"branch","line":18,"loc":{"start":{"line":18,"column":15},"end":{"line":18,"column":65}},"locations":[{"start":{"line":18,"column":15},"end":{"line":18,"column":65}}]}},"b":{"0":[9],"1":[0],"2":[7],"3":[7]},"fnMap":{"0":{"name":"ScrollBTN","decl":{"start":{"line":3,"column":0},"end":{"line":26,"column":1}},"loc":{"start":{"line":3,"column":0},"end":{"line":26,"column":1}},"line":3},"1":{"name":"scrollToTop","decl":{"start":{"line":6,"column":26},"end":{"line":11,"column":8}},"loc":{"start":{"line":6,"column":26},"end":{"line":11,"column":8}},"line":6}},"f":{"0":9,"1":0}}
,"C:\\Users\\adiac\\Desktop\\work\\projects\\nasa\\nasa-project\\src\\components\\Spinner.jsx": {"path":"C:\\Users\\adiac\\Desktop\\work\\projects\\nasa\\nasa-project\\src\\components\\Spinner.jsx","all":false,"statementMap":{"0":{"start":{"line":1,"column":0},"end":{"line":1,"column":26}},"1":{"start":{"line":2,"column":0},"end":{"line":2,"column":23}},"2":{"start":{"line":3,"column":0},"end":{"line":3,"column":0}},"3":{"start":{"line":4,"column":0},"end":{"line":4,"column":41}},"4":{"start":{"line":5,"column":0},"end":{"line":5,"column":52}},"5":{"start":{"line":6,"column":0},"end":{"line":6,"column":3}}},"s":{"0":1,"1":1,"2":1,"3":1,"4":15,"5":15},"branchMap":{"0":{"type":"branch","line":4,"loc":{"start":{"line":4,"column":34},"end":{"line":6,"column":3}},"locations":[{"start":{"line":4,"column":34},"end":{"line":6,"column":3}}]}},"b":{"0":[15]},"fnMap":{},"f":{}}
,"C:\\Users\\adiac\\Desktop\\work\\projects\\nasa\\nasa-project\\src\\components\\TextContainer.jsx": {"path":"C:\\Users\\adiac\\Desktop\\work\\projects\\nasa\\nasa-project\\src\\components\\TextContainer.jsx","all":false,"statementMap":{"0":{"start":{"line":1,"column":0},"end":{"line":1,"column":31}},"1":{"start":{"line":2,"column":0},"end":{"line":2,"column":0}},"2":{"start":{"line":3,"column":0},"end":{"line":3,"column":0}},"3":{"start":{"line":4,"column":0},"end":{"line":4,"column":32}},"4":{"start":{"line":5,"column":0},"end":{"line":5,"column":65}},"5":{"start":{"line":6,"column":0},"end":{"line":6,"column":12}},"6":{"start":{"line":7,"column":0},"end":{"line":7,"column":14}},"7":{"start":{"line":8,"column":0},"end":{"line":8,"column":33}},"8":{"start":{"line":9,"column":0},"end":{"line":9,"column":45}},"9":{"start":{"line":10,"column":0},"end":{"line":10,"column":30}},"10":{"start":{"line":11,"column":0},"end":{"line":11,"column":94}},"11":{"start":{"line":12,"column":0},"end":{"line":12,"column":22}},"12":{"start":{"line":13,"column":0},"end":{"line":13,"column":18}},"13":{"start":{"line":14,"column":0},"end":{"line":14,"column":45}},"14":{"start":{"line":15,"column":0},"end":{"line":15,"column":43}},"15":{"start":{"line":16,"column":0},"end":{"line":16,"column":94}},"16":{"start":{"line":17,"column":0},"end":{"line":17,"column":25}},"17":{"start":{"line":18,"column":0},"end":{"line":18,"column":15}},"18":{"start":{"line":19,"column":0},"end":{"line":19,"column":5}},"19":{"start":{"line":20,"column":0},"end":{"line":20,"column":1}},"20":{"start":{"line":21,"column":0},"end":{"line":21,"column":0}},"21":{"start":{"line":22,"column":0},"end":{"line":22,"column":28}}},"s":{"0":1,"1":1,"2":1,"3":23,"4":23,"5":23,"6":23,"7":23,"8":1,"9":1,"10":1,"11":1,"12":1,"13":23,"14":22,"15":22,"16":22,"17":23,"18":23,"19":23,"20":1,"21":1},"branchMap":{"0":{"type":"branch","line":4,"loc":{"start":{"line":4,"column":0},"end":{"line":20,"column":1}},"locations":[{"start":{"line":4,"column":0},"end":{"line":20,"column":1}}]},"1":{"type":"branch","line":8,"loc":{"start":{"line":8,"column":16},"end":{"line":14,"column":17}},"locations":[{"start":{"line":8,"column":16},"end":{"line":14,"column":17}}]},"2":{"type":"branch","line":14,"loc":{"start":{"line":14,"column":16},"end":{"line":17,"column":25}},"locations":[{"start":{"line":14,"column":16},"end":{"line":17,"column":25}}]},"3":{"type":"branch","line":11,"loc":{"start":{"line":11,"column":33},"end":{"line":11,"column":76}},"locations":[{"start":{"line":11,"column":33},"end":{"line":11,"column":76}}]},"4":{"type":"branch","line":16,"loc":{"start":{"line":16,"column":33},"end":{"line":16,"column":76}},"locations":[{"start":{"line":16,"column":33},"end":{"line":16,"column":76}}]}},"b":{"0":[23],"1":[1],"2":[22],"3":[1],"4":[1]},"fnMap":{"0":{"name":"TextContainer","decl":{"start":{"line":4,"column":0},"end":{"line":20,"column":1}},"loc":{"start":{"line":4,"column":0},"end":{"line":20,"column":1}},"line":4},"1":{"name":"onClick","decl":{"start":{"line":11,"column":33},"end":{"line":11,"column":76}},"loc":{"start":{"line":11,"column":33},"end":{"line":11,"column":76}},"line":11},"2":{"name":"onClick","decl":{"start":{"line":16,"column":33},"end":{"line":16,"column":76}},"loc":{"start":{"line":16,"column":33},"end":{"line":16,"column":76}},"line":16}},"f":{"0":23,"1":1,"2":1}}
,"C:\\Users\\adiac\\Desktop\\work\\projects\\nasa\\nasa-project\\src\\components\\index.js": {"path":"C:\\Users\\adiac\\Desktop\\work\\projects\\nasa\\nasa-project\\src\\components\\index.js","all":false,"statementMap":{"0":{"start":{"line":1,"column":0},"end":{"line":1,"column":34}},"1":{"start":{"line":2,"column":0},"end":{"line":2,"column":28}},"2":{"start":{"line":3,"column":0},"end":{"line":3,"column":30}},"3":{"start":{"line":4,"column":0},"end":{"line":4,"column":46}},"4":{"start":{"line":5,"column":0},"end":{"line":5,"column":58}},"5":{"start":{"line":6,"column":0},"end":{"line":6,"column":42}},"6":{"start":{"line":7,"column":0},"end":{"line":7,"column":39}},"7":{"start":{"line":8,"column":0},"end":{"line":8,"column":38}},"8":{"start":{"line":9,"column":0},"end":{"line":9,"column":34}},"9":{"start":{"line":10,"column":0},"end":{"line":10,"column":36}},"10":{"start":{"line":11,"column":0},"end":{"line":11,"column":36}},"11":{"start":{"line":12,"column":0},"end":{"line":12,"column":44}},"12":{"start":{"line":13,"column":0},"end":{"line":13,"column":36}},"13":{"start":{"line":14,"column":0},"end":{"line":14,"column":0}},"14":{"start":{"line":15,"column":0},"end":{"line":15,"column":7}},"15":{"start":{"line":16,"column":0},"end":{"line":16,"column":13}},"16":{"start":{"line":17,"column":0},"end":{"line":17,"column":10}},"17":{"start":{"line":18,"column":0},"end":{"line":18,"column":11}},"18":{"start":{"line":19,"column":0},"end":{"line":19,"column":19}},"19":{"start":{"line":20,"column":0},"end":{"line":20,"column":25}},"20":{"start":{"line":21,"column":0},"end":{"line":21,"column":17}},"21":{"start":{"line":22,"column":0},"end":{"line":22,"column":10}},"22":{"start":{"line":23,"column":0},"end":{"line":23,"column":15}},"23":{"start":{"line":24,"column":0},"end":{"line":24,"column":13}},"24":{"start":{"line":25,"column":0},"end":{"line":25,"column":14}},"25":{"start":{"line":26,"column":0},"end":{"line":26,"column":12}},"26":{"start":{"line":27,"column":0},"end":{"line":27,"column":18}},"27":{"start":{"line":28,"column":0},"end":{"line":28,"column":13}},"28":{"start":{"line":29,"column":0},"end":{"line":29,"column":1}}},"s":{"0":1,"1":1,"2":1,"3":1,"4":1,"5":1,"6":1,"7":1,"8":1,"9":1,"10":1,"11":1,"12":1,"13":1,"14":1,"15":1,"16":1,"17":1,"18":1,"19":1,"20":1,"21":1,"22":1,"23":1,"24":1,"25":1,"26":1,"27":1,"28":1},"branchMap":{},"b":{},"fnMap":{},"f":{}}
,"C:\\Users\\adiac\\Desktop\\work\\projects\\nasa\\nasa-project\\src\\hooks\\useFetch.js": {"path":"C:\\Users\\adiac\\Desktop\\work\\projects\\nasa\\nasa-project\\src\\hooks\\useFetch.js","all":false,"statementMap":{"0":{"start":{"line":1,"column":0},"end":{"line":1,"column":50}},"1":{"start":{"line":2,"column":0},"end":{"line":2,"column":48}},"2":{"start":{"line":3,"column":0},"end":{"line":3,"column":0}},"3":{"start":{"line":4,"column":0},"end":{"line":4,"column":35}},"4":{"start":{"line":5,"column":0},"end":{"line":5,"column":61}},"5":{"start":{"line":6,"column":0},"end":{"line":6,"column":49}},"6":{"start":{"line":7,"column":0},"end":{"line":7,"column":45}},"7":{"start":{"line":8,"column":0},"end":{"line":8,"column":48}},"8":{"start":{"line":9,"column":0},"end":{"line":9,"column":24}},"9":{"start":{"line":10,"column":0},"end":{"line":10,"column":12}},"10":{"start":{"line":11,"column":0},"end":{"line":11,"column":38}},"11":{"start":{"line":12,"column":0},"end":{"line":12,"column":40}},"12":{"start":{"line":13,"column":0},"end":{"line":13,"column":25}},"13":{"start":{"line":14,"column":0},"end":{"line":14,"column":32}},"14":{"start":{"line":15,"column":0},"end":{"line":15,"column":11}},"15":{"start":{"line":16,"column":0},"end":{"line":16,"column":28}},"16":{"start":{"line":17,"column":0},"end":{"line":17,"column":0}},"17":{"start":{"line":18,"column":0},"end":{"line":18,"column":9}},"18":{"start":{"line":19,"column":0},"end":{"line":19,"column":19}},"19":{"start":{"line":20,"column":0},"end":{"line":20,"column":30}},"20":{"start":{"line":21,"column":0},"end":{"line":21,"column":30}},"21":{"start":{"line":22,"column":0},"end":{"line":22,"column":9}},"22":{"start":{"line":23,"column":0},"end":{"line":23,"column":16}},"23":{"start":{"line":24,"column":0},"end":{"line":24,"column":29}},"24":{"start":{"line":25,"column":0},"end":{"line":25,"column":9}},"25":{"start":{"line":26,"column":0},"end":{"line":26,"column":8}},"26":{"start":{"line":27,"column":0},"end":{"line":27,"column":15}},"27":{"start":{"line":28,"column":0},"end":{"line":28,"column":0}},"28":{"start":{"line":29,"column":0},"end":{"line":29,"column":21}},"29":{"start":{"line":30,"column":0},"end":{"line":30,"column":29}},"30":{"start":{"line":31,"column":0},"end":{"line":31,"column":22}},"31":{"start":{"line":32,"column":0},"end":{"line":32,"column":21}},"32":{"start":{"line":33,"column":0},"end":{"line":33,"column":9}},"33":{"start":{"line":34,"column":0},"end":{"line":34,"column":22}},"34":{"start":{"line":35,"column":0},"end":{"line":35,"column":27}},"35":{"start":{"line":36,"column":0},"end":{"line":36,"column":9}},"36":{"start":{"line":37,"column":0},"end":{"line":37,"column":8}},"37":{"start":{"line":38,"column":0},"end":{"line":38,"column":14}},"38":{"start":{"line":39,"column":0},"end":{"line":39,"column":10}},"39":{"start":{"line":40,"column":0},"end":{"line":40,"column":0}},"40":{"start":{"line":41,"column":0},"end":{"line":41,"column":34}},"41":{"start":{"line":42,"column":0},"end":{"line":42,"column":1}},"42":{"start":{"line":43,"column":0},"end":{"line":43,"column":0}},"43":{"start":{"line":44,"column":0},"end":{"line":44,"column":23}}},"s":{"0":1,"1":1,"2":1,"3":10,"4":10,"5":10,"6":10,"7":10,"8":3,"9":3,"10":3,"11":3,"12":3,"13":0,"14":0,"15":3,"16":3,"17":3,"18":3,"19":0,"20":0,"21":0,"22":3,"23":3,"24":3,"25":3,"26":10,"27":10,"28":10,"29":3,"30":3,"31":3,"32":3,"33":3,"34":3,"35":3,"36":3,"37":10,"38":10,"39":10,"40":10,"41":10,"42":1,"43":1},"branchMap":{"0":{"type":"branch","line":4,"loc":{"start":{"line":4,"column":0},"end":{"line":42,"column":1}},"locations":[{"start":{"line":4,"column":0},"end":{"line":42,"column":1}}]},"1":{"type":"branch","line":8,"loc":{"start":{"line":8,"column":30},"end":{"line":27,"column":7}},"locations":[{"start":{"line":8,"column":30},"end":{"line":27,"column":7}}]},"2":{"type":"branch","line":8,"loc":{"start":{"line":8,"column":35},"end":{"line":27,"column":7}},"locations":[{"start":{"line":8,"column":35},"end":{"line":27,"column":7}}]},"3":{"type":"branch","line":13,"loc":{"start":{"line":13,"column":24},"end":{"line":15,"column":11}},"locations":[{"start":{"line":13,"column":24},"end":{"line":15,"column":11}}]},"4":{"type":"branch","line":19,"loc":{"start":{"line":19,"column":8},"end":{"line":22,"column":9}},"locations":[{"start":{"line":19,"column":8},"end":{"line":22,"column":9}}]},"5":{"type":"branch","line":16,"loc":{"start":{"line":16,"column":18},"end":{"line":16,"column":26}},"locations":[{"start":{"line":16,"column":18},"end":{"line":16,"column":26}}]},"6":{"type":"branch","line":29,"loc":{"start":{"line":29,"column":16},"end":{"line":38,"column":7}},"locations":[{"start":{"line":29,"column":16},"end":{"line":38,"column":7}}]},"7":{"type":"branch","line":34,"loc":{"start":{"line":34,"column":15},"end":{"line":36,"column":9}},"locations":[{"start":{"line":34,"column":15},"end":{"line":36,"column":9}}]}},"b":{"0":[10],"1":[3],"2":[3],"3":[0],"4":[0],"5":[3],"6":[3],"7":[3]},"fnMap":{"0":{"name":"useFetch","decl":{"start":{"line":4,"column":0},"end":{"line":42,"column":1}},"loc":{"start":{"line":4,"column":0},"end":{"line":42,"column":1}},"line":4}},"f":{"0":10}}
,"C:\\Users\\adiac\\Desktop\\work\\projects\\nasa\\nasa-project\\src\\hooks\\useLocalStorage.js": {"path":"C:\\Users\\adiac\\Desktop\\work\\projects\\nasa\\nasa-project\\src\\hooks\\useLocalStorage.js","all":false,"statementMap":{"0":{"start":{"line":1,"column":0},"end":{"line":1,"column":44}},"1":{"start":{"line":2,"column":0},"end":{"line":2,"column":0}},"2":{"start":{"line":3,"column":0},"end":{"line":3,"column":52}},"3":{"start":{"line":4,"column":0},"end":{"line":4,"column":46}},"4":{"start":{"line":5,"column":0},"end":{"line":5,"column":55}},"5":{"start":{"line":6,"column":0},"end":{"line":6,"column":70}},"6":{"start":{"line":7,"column":0},"end":{"line":7,"column":5}},"7":{"start":{"line":8,"column":0},"end":{"line":8,"column":6}},"8":{"start":{"line":9,"column":0},"end":{"line":9,"column":6}},"9":{"start":{"line":10,"column":0},"end":{"line":10,"column":21}},"10":{"start":{"line":11,"column":0},"end":{"line":11,"column":40}},"11":{"start":{"line":12,"column":0},"end":{"line":12,"column":64}},"12":{"start":{"line":13,"column":0},"end":{"line":13,"column":7}},"13":{"start":{"line":14,"column":0},"end":{"line":14,"column":28}},"14":{"start":{"line":15,"column":0},"end":{"line":15,"column":2}},"15":{"start":{"line":16,"column":0},"end":{"line":16,"column":29}},"16":{"start":{"line":17,"column":0},"end":{"line":17,"column":4}},"17":{"start":{"line":18,"column":0},"end":{"line":18,"column":30}}},"s":{"0":1,"1":1,"2":1,"3":23,"4":8,"5":8,"6":8,"7":23,"8":23,"9":23,"10":15,"11":15,"12":15,"13":23,"14":23,"15":23,"16":1,"17":1},"branchMap":{"0":{"type":"branch","line":3,"loc":{"start":{"line":3,"column":24},"end":{"line":17,"column":3}},"locations":[{"start":{"line":3,"column":24},"end":{"line":17,"column":3}}]},"1":{"type":"branch","line":4,"loc":{"start":{"line":4,"column":40},"end":{"line":7,"column":5}},"locations":[{"start":{"line":4,"column":40},"end":{"line":7,"column":5}}]},"2":{"type":"branch","line":5,"loc":{"start":{"line":5,"column":39},"end":{"line":5,"column":55}},"locations":[{"start":{"line":5,"column":39},"end":{"line":5,"column":55}}]},"3":{"type":"branch","line":6,"loc":{"start":{"line":6,"column":58},"end":{"line":6,"column":70}},"locations":[{"start":{"line":6,"column":58},"end":{"line":6,"column":70}}]},"4":{"type":"branch","line":10,"loc":{"start":{"line":10,"column":14},"end":{"line":14,"column":5}},"locations":[{"start":{"line":10,"column":14},"end":{"line":14,"column":5}}]}},"b":{"0":[23],"1":[8],"2":[0],"3":[7],"4":[15]},"fnMap":{"0":{"name":"useLocalStorage","decl":{"start":{"line":3,"column":24},"end":{"line":17,"column":3}},"loc":{"start":{"line":3,"column":24},"end":{"line":17,"column":3}},"line":3}},"f":{"0":23}}
,"C:\\Users\\adiac\\Desktop\\work\\projects\\nasa\\nasa-project\\src\\pages\\ApolloLaunch.jsx": {"path":"C:\\Users\\adiac\\Desktop\\work\\projects\\nasa\\nasa-project\\src\\pages\\ApolloLaunch.jsx","all":false,"statementMap":{"0":{"start":{"line":1,"column":0},"end":{"line":1,"column":41}},"1":{"start":{"line":2,"column":0},"end":{"line":2,"column":104}},"2":{"start":{"line":3,"column":0},"end":{"line":3,"column":0}},"3":{"start":{"line":4,"column":0},"end":{"line":4,"column":0}},"4":{"start":{"line":5,"column":0},"end":{"line":5,"column":67}},"5":{"start":{"line":6,"column":0},"end":{"line":6,"column":0}},"6":{"start":{"line":7,"column":0},"end":{"line":7,"column":25}},"7":{"start":{"line":8,"column":0},"end":{"line":8,"column":62}},"8":{"start":{"line":9,"column":0},"end":{"line":9,"column":69}},"9":{"start":{"line":10,"column":0},"end":{"line":10,"column":2}},"10":{"start":{"line":11,"column":0},"end":{"line":11,"column":14}},"11":{"start":{"line":12,"column":0},"end":{"line":12,"column":11}},"12":{"start":{"line":13,"column":0},"end":{"line":13,"column":8}},"13":{"start":{"line":14,"column":0},"end":{"line":14,"column":21}},"14":{"start":{"line":15,"column":0},"end":{"line":15,"column":38}},"15":{"start":{"line":16,"column":0},"end":{"line":16,"column":54}},"16":{"start":{"line":17,"column":0},"end":{"line":17,"column":18}},"17":{"start":{"line":18,"column":0},"end":{"line":18,"column":9}},"18":{"start":{"line":19,"column":0},"end":{"line":19,"column":5}},"19":{"start":{"line":20,"column":0},"end":{"line":20,"column":3}},"20":{"start":{"line":21,"column":0},"end":{"line":21,"column":2}},"21":{"start":{"line":22,"column":0},"end":{"line":22,"column":40}},"22":{"start":{"line":23,"column":0},"end":{"line":23,"column":0}},"23":{"start":{"line":24,"column":0},"end":{"line":24,"column":13}},"24":{"start":{"line":25,"column":0},"end":{"line":25,"column":6}},"25":{"start":{"line":26,"column":0},"end":{"line":26,"column":17}},"26":{"start":{"line":27,"column":0},"end":{"line":27,"column":34}},"27":{"start":{"line":28,"column":0},"end":{"line":28,"column":45}},"28":{"start":{"line":29,"column":0},"end":{"line":29,"column":53}},"29":{"start":{"line":30,"column":0},"end":{"line":30,"column":30}},"30":{"start":{"line":31,"column":0},"end":{"line":31,"column":38}},"31":{"start":{"line":32,"column":0},"end":{"line":32,"column":51}},"32":{"start":{"line":33,"column":0},"end":{"line":33,"column":50}},"33":{"start":{"line":34,"column":0},"end":{"line":34,"column":77}},"34":{"start":{"line":35,"column":0},"end":{"line":35,"column":120}},"35":{"start":{"line":36,"column":0},"end":{"line":36,"column":62}},"36":{"start":{"line":37,"column":0},"end":{"line":37,"column":89}},"37":{"start":{"line":38,"column":0},"end":{"line":38,"column":84}},"38":{"start":{"line":39,"column":0},"end":{"line":39,"column":95}},"39":{"start":{"line":40,"column":0},"end":{"line":40,"column":36}},"40":{"start":{"line":41,"column":0},"end":{"line":41,"column":67}},"41":{"start":{"line":42,"column":0},"end":{"line":42,"column":0}},"42":{"start":{"line":43,"column":0},"end":{"line":43,"column":32}},"43":{"start":{"line":44,"column":0},"end":{"line":44,"column":27}},"44":{"start":{"line":45,"column":0},"end":{"line":45,"column":44}},"45":{"start":{"line":46,"column":0},"end":{"line":46,"column":39}},"46":{"start":{"line":47,"column":0},"end":{"line":47,"column":57}},"47":{"start":{"line":48,"column":0},"end":{"line":48,"column":93}},"48":{"start":{"line":49,"column":0},"end":{"line":49,"column":128}},"49":{"start":{"line":50,"column":0},"end":{"line":50,"column":70}},"50":{"start":{"line":51,"column":0},"end":{"line":51,"column":97}},"51":{"start":{"line":52,"column":0},"end":{"line":52,"column":78}},"52":{"start":{"line":53,"column":0},"end":{"line":53,"column":89}},"53":{"start":{"line":54,"column":0},"end":{"line":54,"column":64}},"54":{"start":{"line":55,"column":0},"end":{"line":55,"column":40}},"55":{"start":{"line":56,"column":0},"end":{"line":56,"column":36}},"56":{"start":{"line":57,"column":0},"end":{"line":57,"column":39}},"57":{"start":{"line":58,"column":0},"end":{"line":58,"column":28}},"58":{"start":{"line":59,"column":0},"end":{"line":59,"column":22}},"59":{"start":{"line":60,"column":0},"end":{"line":60,"column":32}},"60":{"start":{"line":61,"column":0},"end":{"line":61,"column":23}},"61":{"start":{"line":62,"column":0},"end":{"line":62,"column":16}},"62":{"start":{"line":63,"column":0},"end":{"line":63,"column":15}},"63":{"start":{"line":64,"column":0},"end":{"line":64,"column":10}},"64":{"start":{"line":65,"column":0},"end":{"line":65,"column":10}},"65":{"start":{"line":66,"column":0},"end":{"line":66,"column":7}},"66":{"start":{"line":67,"column":0},"end":{"line":67,"column":5}},"67":{"start":{"line":68,"column":0},"end":{"line":68,"column":3}},"68":{"start":{"line":69,"column":0},"end":{"line":69,"column":1}},"69":{"start":{"line":70,"column":0},"end":{"line":70,"column":0}},"70":{"start":{"line":71,"column":0},"end":{"line":71,"column":27}}},"s":{"0":1,"1":1,"2":1,"3":1,"4":1,"5":1,"6":3,"7":3,"8":3,"9":3,"10":3,"11":1,"12":1,"13":1,"14":1,"15":1,"16":1,"17":1,"18":1,"19":1,"20":2,"21":3,"22":3,"23":3,"24":3,"25":3,"26":3,"27":3,"28":3,"29":20,"30":19,"31":19,"32":19,"33":19,"34":19,"35":19,"36":19,"37":19,"38":19,"39":19,"40":19,"41":19,"42":19,"43":19,"44":19,"45":19,"46":19,"47":19,"48":19,"49":19,"50":19,"51":19,"52":19,"53":19,"54":19,"55":19,"56":19,"57":19,"58":19,"59":19,"60":19,"61":3,"62":3,"63":3,"64":3,"65":3,"66":3,"67":3,"68":3,"69":1,"70":1},"branchMap":{"0":{"type":"branch","line":7,"loc":{"start":{"line":7,"column":0},"end":{"line":69,"column":1}},"locations":[{"start":{"line":7,"column":0},"end":{"line":69,"column":1}}]},"1":{"type":"branch","line":9,"loc":{"start":{"line":9,"column":17},"end":{"line":9,"column":67}},"locations":[{"start":{"line":9,"column":17},"end":{"line":9,"column":67}}]},"2":{"type":"branch","line":9,"loc":{"start":{"line":9,"column":61},"end":{"line":9,"column":69}},"locations":[{"start":{"line":9,"column":61},"end":{"line":9,"column":69}}]},"3":{"type":"branch","line":11,"loc":{"start":{"line":11,"column":13},"end":{"line":20,"column":3}},"locations":[{"start":{"line":11,"column":13},"end":{"line":20,"column":3}}]},"4":{"type":"branch","line":21,"loc":{"start":{"line":21,"column":-2},"end":{"line":22,"column":11}},"locations":[{"start":{"line":21,"column":-2},"end":{"line":22,"column":11}}]},"5":{"type":"branch","line":29,"loc":{"start":{"line":29,"column":35},"end":{"line":61,"column":23}},"locations":[{"start":{"line":29,"column":35},"end":{"line":61,"column":23}}]},"6":{"type":"branch","line":30,"loc":{"start":{"line":30,"column":23},"end":{"line":61,"column":23}},"locations":[{"start":{"line":30,"column":23},"end":{"line":61,"column":23}}]},"7":{"type":"branch","line":61,"loc":{"start":{"line":61,"column":19},"end":{"line":61,"column":23}},"locations":[{"start":{"line":61,"column":19},"end":{"line":61,"column":23}}]}},"b":{"0":[3],"1":[1],"2":[2],"3":[1],"4":[2],"5":[20],"6":[19],"7":[1]},"fnMap":{"0":{"name":"ApolloLaunch","decl":{"start":{"line":7,"column":0},"end":{"line":69,"column":1}},"loc":{"start":{"line":7,"column":0},"end":{"line":69,"column":1}},"line":7},"1":{"name":"onDoubleClick","decl":{"start":{"line":34,"column":63},"end":{"line":34,"column":77}},"loc":{"start":{"line":34,"column":63},"end":{"line":34,"column":77}},"line":34}},"f":{"0":3,"1":0}}
,"C:\\Users\\adiac\\Desktop\\work\\projects\\nasa\\nasa-project\\src\\pages\\MarsRover.jsx": {"path":"C:\\Users\\adiac\\Desktop\\work\\projects\\nasa\\nasa-project\\src\\pages\\MarsRover.jsx","all":false,"statementMap":{"0":{"start":{"line":1,"column":0},"end":{"line":1,"column":84}},"1":{"start":{"line":2,"column":0},"end":{"line":2,"column":77}},"2":{"start":{"line":3,"column":0},"end":{"line":3,"column":55}},"3":{"start":{"line":4,"column":0},"end":{"line":4,"column":0}},"4":{"start":{"line":5,"column":0},"end":{"line":5,"column":73}},"5":{"start":{"line":6,"column":0},"end":{"line":6,"column":0}},"6":{"start":{"line":7,"column":0},"end":{"line":7,"column":24}},"7":{"start":{"line":8,"column":0},"end":{"line":8,"column":59}},"8":{"start":{"line":9,"column":0},"end":{"line":9,"column":26}},"9":{"start":{"line":10,"column":0},"end":{"line":10,"column":30}},"10":{"start":{"line":11,"column":0},"end":{"line":11,"column":20}},"11":{"start":{"line":12,"column":0},"end":{"line":12,"column":19}},"12":{"start":{"line":13,"column":0},"end":{"line":13,"column":23}},"13":{"start":{"line":14,"column":0},"end":{"line":14,"column":4}},"14":{"start":{"line":15,"column":0},"end":{"line":15,"column":33}},"15":{"start":{"line":16,"column":0},"end":{"line":16,"column":112}},"16":{"start":{"line":17,"column":0},"end":{"line":17,"column":133}},"17":{"start":{"line":18,"column":0},"end":{"line":18,"column":58}},"18":{"start":{"line":19,"column":0},"end":{"line":19,"column":36}},"19":{"start":{"line":20,"column":0},"end":{"line":20,"column":120}},"20":{"start":{"line":21,"column":0},"end":{"line":21,"column":80}},"21":{"start":{"line":22,"column":0},"end":{"line":22,"column":47}},"22":{"start":{"line":23,"column":0},"end":{"line":23,"column":43}},"23":{"start":{"line":24,"column":0},"end":{"line":24,"column":54}},"24":{"start":{"line":25,"column":0},"end":{"line":25,"column":0}},"25":{"start":{"line":26,"column":0},"end":{"line":26,"column":34}},"26":{"start":{"line":27,"column":0},"end":{"line":27,"column":64}},"27":{"start":{"line":28,"column":0},"end":{"line":28,"column":5}},"28":{"start":{"line":29,"column":0},"end":{"line":29,"column":33}},"29":{"start":{"line":30,"column":0},"end":{"line":30,"column":88}},"30":{"start":{"line":31,"column":0},"end":{"line":31,"column":5}},"31":{"start":{"line":32,"column":0},"end":{"line":32,"column":46}},"32":{"start":{"line":33,"column":0},"end":{"line":33,"column":25}},"33":{"start":{"line":34,"column":0},"end":{"line":34,"column":8}},"34":{"start":{"line":35,"column":0},"end":{"line":35,"column":34}},"35":{"start":{"line":36,"column":0},"end":{"line":36,"column":36}},"36":{"start":{"line":37,"column":0},"end":{"line":37,"column":41}},"37":{"start":{"line":38,"column":0},"end":{"line":38,"column":6}},"38":{"start":{"line":39,"column":0},"end":{"line":39,"column":20}},"39":{"start":{"line":40,"column":0},"end":{"line":40,"column":68}},"40":{"start":{"line":41,"column":0},"end":{"line":41,"column":43}},"41":{"start":{"line":42,"column":0},"end":{"line":42,"column":7}},"42":{"start":{"line":43,"column":0},"end":{"line":43,"column":5}},"43":{"start":{"line":44,"column":0},"end":{"line":44,"column":15}},"44":{"start":{"line":45,"column":0},"end":{"line":45,"column":26}},"45":{"start":{"line":46,"column":0},"end":{"line":46,"column":26}},"46":{"start":{"line":47,"column":0},"end":{"line":47,"column":5}},"47":{"start":{"line":48,"column":0},"end":{"line":48,"column":12}},"48":{"start":{"line":49,"column":0},"end":{"line":49,"column":25}},"49":{"start":{"line":50,"column":0},"end":{"line":50,"column":5}},"50":{"start":{"line":51,"column":0},"end":{"line":51,"column":11}},"51":{"start":{"line":52,"column":0},"end":{"line":52,"column":0}},"52":{"start":{"line":53,"column":0},"end":{"line":53,"column":17}},"53":{"start":{"line":54,"column":0},"end":{"line":54,"column":77}},"54":{"start":{"line":55,"column":0},"end":{"line":55,"column":17}},"55":{"start":{"line":56,"column":0},"end":{"line":56,"column":5}},"56":{"start":{"line":57,"column":0},"end":{"line":57,"column":34}},"57":{"start":{"line":58,"column":0},"end":{"line":58,"column":4}},"58":{"start":{"line":59,"column":0},"end":{"line":59,"column":42}},"59":{"start":{"line":60,"column":0},"end":{"line":60,"column":13}},"60":{"start":{"line":61,"column":0},"end":{"line":61,"column":10}},"61":{"start":{"line":62,"column":0},"end":{"line":62,"column":23}},"62":{"start":{"line":63,"column":0},"end":{"line":63,"column":37}},"63":{"start":{"line":64,"column":0},"end":{"line":64,"column":54}},"64":{"start":{"line":65,"column":0},"end":{"line":65,"column":20}},"65":{"start":{"line":66,"column":0},"end":{"line":66,"column":11}},"66":{"start":{"line":67,"column":0},"end":{"line":67,"column":7}},"67":{"start":{"line":68,"column":0},"end":{"line":68,"column":5}},"68":{"start":{"line":69,"column":0},"end":{"line":69,"column":42}},"69":{"start":{"line":70,"column":0},"end":{"line":70,"column":12}},"70":{"start":{"line":71,"column":0},"end":{"line":71,"column":8}},"71":{"start":{"line":72,"column":0},"end":{"line":72,"column":19}},"72":{"start":{"line":73,"column":0},"end":{"line":73,"column":37}},"73":{"start":{"line":74,"column":0},"end":{"line":74,"column":40}},"74":{"start":{"line":75,"column":0},"end":{"line":75,"column":41}},"75":{"start":{"line":76,"column":0},"end":{"line":76,"column":149}},"76":{"start":{"line":77,"column":0},"end":{"line":77,"column":16}},"77":{"start":{"line":78,"column":0},"end":{"line":78,"column":7}},"78":{"start":{"line":79,"column":0},"end":{"line":79,"column":47}},"79":{"start":{"line":80,"column":0},"end":{"line":80,"column":72}},"80":{"start":{"line":81,"column":0},"end":{"line":81,"column":89}},"81":{"start":{"line":82,"column":0},"end":{"line":82,"column":50}},"82":{"start":{"line":83,"column":0},"end":{"line":83,"column":117}},"83":{"start":{"line":84,"column":0},"end":{"line":84,"column":29}},"84":{"start":{"line":85,"column":0},"end":{"line":85,"column":18}},"85":{"start":{"line":86,"column":0},"end":{"line":86,"column":50}},"86":{"start":{"line":87,"column":0},"end":{"line":87,"column":51}},"87":{"start":{"line":88,"column":0},"end":{"line":88,"column":56}},"88":{"start":{"line":89,"column":0},"end":{"line":89,"column":54}},"89":{"start":{"line":90,"column":0},"end":{"line":90,"column":24}},"90":{"start":{"line":91,"column":0},"end":{"line":91,"column":75}},"91":{"start":{"line":92,"column":0},"end":{"line":92,"column":75}},"92":{"start":{"line":93,"column":0},"end":{"line":93,"column":20}},"93":{"start":{"line":94,"column":0},"end":{"line":94,"column":13}},"94":{"start":{"line":95,"column":0},"end":{"line":95,"column":12}},"95":{"start":{"line":96,"column":0},"end":{"line":96,"column":38}},"96":{"start":{"line":97,"column":0},"end":{"line":97,"column":9}},"97":{"start":{"line":98,"column":0},"end":{"line":98,"column":6}},"98":{"start":{"line":99,"column":0},"end":{"line":99,"column":5}},"99":{"start":{"line":100,"column":0},"end":{"line":100,"column":1}},"100":{"start":{"line":101,"column":0},"end":{"line":101,"column":0}},"101":{"start":{"line":102,"column":0},"end":{"line":102,"column":24}}},"s":{"0":1,"1":1,"2":1,"3":1,"4":1,"5":1,"6":2,"7":2,"8":2,"9":2,"10":2,"11":2,"12":2,"13":2,"14":2,"15":0,"16":2,"17":2,"18":2,"19":2,"20":2,"21":2,"22":2,"23":2,"24":2,"25":2,"26":0,"27":0,"28":2,"29":0,"30":0,"31":2,"32":1,"33":1,"34":1,"35":0,"36":0,"37":0,"38":0,"39":0,"40":0,"41":0,"42":1,"43":1,"44":0,"45":0,"46":0,"47":0,"48":0,"49":0,"50":2,"51":2,"52":2,"53":1,"54":1,"55":1,"56":2,"57":2,"58":2,"59":1,"60":1,"61":1,"62":1,"63":1,"64":1,"65":1,"66":1,"67":1,"68":2,"69":2,"70":2,"71":2,"72":2,"73":2,"74":2,"75":2,"76":2,"77":2,"78":2,"79":2,"80":2,"81":2,"82":2,"83":2,"84":2,"85":2,"86":2,"87":2,"88":2,"89":2,"90":2,"91":2,"92":2,"93":2,"94":2,"95":2,"96":2,"97":2,"98":2,"99":2,"100":1,"101":1},"branchMap":{"0":{"type":"branch","line":7,"loc":{"start":{"line":7,"column":0},"end":{"line":100,"column":1}},"locations":[{"start":{"line":7,"column":0},"end":{"line":100,"column":1}}]},"1":{"type":"branch","line":15,"loc":{"start":{"line":15,"column":30},"end":{"line":16,"column":112}},"locations":[{"start":{"line":15,"column":30},"end":{"line":16,"column":112}}]},"2":{"type":"branch","line":17,"loc":{"start":{"line":17,"column":17},"end":{"line":17,"column":28}},"locations":[{"start":{"line":17,"column":17},"end":{"line":17,"column":28}}]},"3":{"type":"branch","line":17,"loc":{"start":{"line":17,"column":40},"end":{"line":17,"column":45}},"locations":[{"start":{"line":17,"column":40},"end":{"line":17,"column":45}}]},"4":{"type":"branch","line":17,"loc":{"start":{"line":17,"column":65},"end":{"line":17,"column":71}},"locations":[{"start":{"line":17,"column":65},"end":{"line":17,"column":71}}]},"5":{"type":"branch","line":17,"loc":{"start":{"line":17,"column":84},"end":{"line":17,"column":130}},"locations":[{"start":{"line":17,"column":84},"end":{"line":17,"column":130}}]},"6":{"type":"branch","line":59,"loc":{"start":{"line":59,"column":7},"end":{"line":59,"column":40}},"locations":[{"start":{"line":59,"column":7},"end":{"line":59,"column":40}}]},"7":{"type":"branch","line":59,"loc":{"start":{"line":59,"column":41},"end":{"line":69,"column":13}},"locations":[{"start":{"line":59,"column":41},"end":{"line":69,"column":13}}]},"8":{"type":"branch","line":96,"loc":{"start":{"line":96,"column":9},"end":{"line":96,"column":36}},"locations":[{"start":{"line":96,"column":9},"end":{"line":96,"column":36}}]},"9":{"type":"branch","line":96,"loc":{"start":{"line":96,"column":32},"end":{"line":96,"column":36}},"locations":[{"start":{"line":96,"column":32},"end":{"line":96,"column":36}}]},"10":{"type":"branch","line":32,"loc":{"start":{"line":32,"column":28},"end":{"line":51,"column":4}},"locations":[{"start":{"line":32,"column":28},"end":{"line":51,"column":4}}]},"11":{"type":"branch","line":32,"loc":{"start":{"line":32,"column":33},"end":{"line":51,"column":4}},"locations":[{"start":{"line":32,"column":33},"end":{"line":51,"column":4}}]},"12":{"type":"branch","line":35,"loc":{"start":{"line":35,"column":30},"end":{"line":42,"column":7}},"locations":[{"start":{"line":35,"column":30},"end":{"line":42,"column":7}}]},"13":{"type":"branch","line":44,"loc":{"start":{"line":44,"column":4},"end":{"line":50,"column":5}},"locations":[{"start":{"line":44,"column":4},"end":{"line":50,"column":5}}]},"14":{"type":"branch","line":33,"loc":{"start":{"line":33,"column":15},"end":{"line":33,"column":23}},"locations":[{"start":{"line":33,"column":15},"end":{"line":33,"column":23}}]},"15":{"type":"branch","line":53,"loc":{"start":{"line":53,"column":12},"end":{"line":57,"column":6}},"locations":[{"start":{"line":53,"column":12},"end":{"line":57,"column":6}}]},"16":{"type":"branch","line":54,"loc":{"start":{"line":54,"column":29},"end":{"line":54,"column":75}},"locations":[{"start":{"line":54,"column":29},"end":{"line":54,"column":75}}]}},"b":{"0":[2],"1":[0],"2":[0],"3":[0],"4":[0],"5":[0],"6":[1],"7":[1],"8":[0],"9":[1],"10":[1],"11":[1],"12":[0],"13":[0],"14":[1],"15":[1],"16":[0]},"fnMap":{"0":{"name":"MarsRover","decl":{"start":{"line":7,"column":0},"end":{"line":100,"column":1}},"loc":{"start":{"line":7,"column":0},"end":{"line":100,"column":1}},"line":7},"1":{"name":"handleChange","decl":{"start":{"line":76,"column":118},"end":{"line":76,"column":149}},"loc":{"start":{"line":76,"column":118},"end":{"line":76,"column":149}},"line":76}},"f":{"0":2,"1":0}}
,"C:\\Users\\adiac\\Desktop\\work\\projects\\nasa\\nasa-project\\src\\pages\\NasaProjects.jsx": {"path":"C:\\Users\\adiac\\Desktop\\work\\projects\\nasa\\nasa-project\\src\\pages\\NasaProjects.jsx","all":false,"statementMap":{"0":{"start":{"line":1,"column":0},"end":{"line":1,"column":48}},"1":{"start":{"line":2,"column":0},"end":{"line":2,"column":55}},"2":{"start":{"line":3,"column":0},"end":{"line":3,"column":92}},"3":{"start":{"line":4,"column":0},"end":{"line":4,"column":0}},"4":{"start":{"line":5,"column":0},"end":{"line":5,"column":0}},"5":{"start":{"line":6,"column":0},"end":{"line":6,"column":25}},"6":{"start":{"line":7,"column":0},"end":{"line":7,"column":61}},"7":{"start":{"line":8,"column":0},"end":{"line":8,"column":0}},"8":{"start":{"line":9,"column":0},"end":{"line":9,"column":84}},"9":{"start":{"line":10,"column":0},"end":{"line":10,"column":49}},"10":{"start":{"line":11,"column":0},"end":{"line":11,"column":45}},"11":{"start":{"line":12,"column":0},"end":{"line":12,"column":4}},"12":{"start":{"line":13,"column":0},"end":{"line":13,"column":18}},"13":{"start":{"line":14,"column":0},"end":{"line":14,"column":75}},"14":{"start":{"line":15,"column":0},"end":{"line":15,"column":75}},"15":{"start":{"line":16,"column":0},"end":{"line":16,"column":75}},"16":{"start":{"line":17,"column":0},"end":{"line":17,"column":75}},"17":{"start":{"line":18,"column":0},"end":{"line":18,"column":75}},"18":{"start":{"line":19,"column":0},"end":{"line":19,"column":75}},"19":{"start":{"line":20,"column":0},"end":{"line":20,"column":75}},"20":{"start":{"line":21,"column":0},"end":{"line":21,"column":75}},"21":{"start":{"line":22,"column":0},"end":{"line":22,"column":75}},"22":{"start":{"line":23,"column":0},"end":{"line":23,"column":74}},"23":{"start":{"line":24,"column":0},"end":{"line":24,"column":4}},"24":{"start":{"line":25,"column":0},"end":{"line":25,"column":48}},"25":{"start":{"line":26,"column":0},"end":{"line":26,"column":22}},"26":{"start":{"line":27,"column":0},"end":{"line":27,"column":12}},"27":{"start":{"line":28,"column":0},"end":{"line":28,"column":68}},"28":{"start":{"line":29,"column":0},"end":{"line":29,"column":76}},"29":{"start":{"line":30,"column":0},"end":{"line":30,"column":52}},"30":{"start":{"line":31,"column":0},"end":{"line":31,"column":35}},"31":{"start":{"line":32,"column":0},"end":{"line":32,"column":49}},"32":{"start":{"line":33,"column":0},"end":{"line":33,"column":9}},"33":{"start":{"line":34,"column":0},"end":{"line":34,"column":19}},"34":{"start":{"line":35,"column":0},"end":{"line":35,"column":29}},"35":{"start":{"line":36,"column":0},"end":{"line":36,"column":30}},"36":{"start":{"line":37,"column":0},"end":{"line":37,"column":9}},"37":{"start":{"line":38,"column":0},"end":{"line":38,"column":16}},"38":{"start":{"line":39,"column":0},"end":{"line":39,"column":27}},"39":{"start":{"line":40,"column":0},"end":{"line":40,"column":9}},"40":{"start":{"line":41,"column":0},"end":{"line":41,"column":8}},"41":{"start":{"line":42,"column":0},"end":{"line":42,"column":12}},"42":{"start":{"line":43,"column":0},"end":{"line":43,"column":19}},"43":{"start":{"line":44,"column":0},"end":{"line":44,"column":36}},"44":{"start":{"line":45,"column":0},"end":{"line":45,"column":19}},"45":{"start":{"line":46,"column":0},"end":{"line":46,"column":7}},"46":{"start":{"line":47,"column":0},"end":{"line":47,"column":25}},"47":{"start":{"line":48,"column":0},"end":{"line":48,"column":44}},"48":{"start":{"line":49,"column":0},"end":{"line":49,"column":0}},"49":{"start":{"line":50,"column":0},"end":{"line":50,"column":47}},"50":{"start":{"line":51,"column":0},"end":{"line":51,"column":15}},"51":{"start":{"line":52,"column":0},"end":{"line":52,"column":12}},"52":{"start":{"line":53,"column":0},"end":{"line":53,"column":25}},"53":{"start":{"line":54,"column":0},"end":{"line":54,"column":42}},"54":{"start":{"line":55,"column":0},"end":{"line":55,"column":58}},"55":{"start":{"line":56,"column":0},"end":{"line":56,"column":22}},"56":{"start":{"line":57,"column":0},"end":{"line":57,"column":13}},"57":{"start":{"line":58,"column":0},"end":{"line":58,"column":9}},"58":{"start":{"line":59,"column":0},"end":{"line":59,"column":7}},"59":{"start":{"line":60,"column":0},"end":{"line":60,"column":11}},"60":{"start":{"line":61,"column":0},"end":{"line":61,"column":6}},"61":{"start":{"line":62,"column":0},"end":{"line":62,"column":21}},"62":{"start":{"line":63,"column":0},"end":{"line":63,"column":38}},"63":{"start":{"line":64,"column":0},"end":{"line":64,"column":43}},"64":{"start":{"line":65,"column":0},"end":{"line":65,"column":69}},"65":{"start":{"line":66,"column":0},"end":{"line":66,"column":49}},"66":{"start":{"line":67,"column":0},"end":{"line":67,"column":73}},"67":{"start":{"line":68,"column":0},"end":{"line":68,"column":81}},"68":{"start":{"line":69,"column":0},"end":{"line":69,"column":109}},"69":{"start":{"line":70,"column":0},"end":{"line":70,"column":52}},"70":{"start":{"line":71,"column":0},"end":{"line":71,"column":49}},"71":{"start":{"line":72,"column":0},"end":{"line":72,"column":22}},"72":{"start":{"line":73,"column":0},"end":{"line":73,"column":43}},"73":{"start":{"line":74,"column":0},"end":{"line":74,"column":26}},"74":{"start":{"line":75,"column":0},"end":{"line":75,"column":143}},"75":{"start":{"line":76,"column":0},"end":{"line":76,"column":27}},"76":{"start":{"line":77,"column":0},"end":{"line":77,"column":25}},"77":{"start":{"line":78,"column":0},"end":{"line":78,"column":27}},"78":{"start":{"line":79,"column":0},"end":{"line":79,"column":22}},"79":{"start":{"line":80,"column":0},"end":{"line":80,"column":66}},"80":{"start":{"line":81,"column":0},"end":{"line":81,"column":20}},"81":{"start":{"line":82,"column":0},"end":{"line":82,"column":15}},"82":{"start":{"line":83,"column":0},"end":{"line":83,"column":0}},"83":{"start":{"line":84,"column":0},"end":{"line":84,"column":13}},"84":{"start":{"line":85,"column":0},"end":{"line":85,"column":15}},"85":{"start":{"line":86,"column":0},"end":{"line":86,"column":18}},"86":{"start":{"line":87,"column":0},"end":{"line":87,"column":14}},"87":{"start":{"line":88,"column":0},"end":{"line":88,"column":24}},"88":{"start":{"line":89,"column":0},"end":{"line":89,"column":10}},"89":{"start":{"line":90,"column":0},"end":{"line":90,"column":7}},"90":{"start":{"line":91,"column":0},"end":{"line":91,"column":4}},"91":{"start":{"line":92,"column":0},"end":{"line":92,"column":4}},"92":{"start":{"line":93,"column":0},"end":{"line":93,"column":1}},"93":{"start":{"line":94,"column":0},"end":{"line":94,"column":0}},"94":{"start":{"line":95,"column":0},"end":{"line":95,"column":27}}},"s":{"0":1,"1":1,"2":1,"3":1,"4":1,"5":3,"6":3,"7":3,"8":3,"9":3,"10":3,"11":3,"12":3,"13":3,"14":3,"15":3,"16":3,"17":3,"18":3,"19":3,"20":3,"21":3,"22":3,"23":3,"24":3,"25":1,"26":1,"27":1,"28":1,"29":1,"30":1,"31":1,"32":1,"33":1,"34":0,"35":0,"36":0,"37":1,"38":1,"39":1,"40":1,"41":3,"42":3,"43":2,"44":1,"45":1,"46":3,"47":3,"48":3,"49":3,"50":1,"51":1,"52":1,"53":1,"54":1,"55":1,"56":1,"57":1,"58":1,"59":2,"60":2,"61":2,"62":2,"63":2,"64":3,"65":10,"66":10,"67":10,"68":10,"69":10,"70":10,"71":7,"72":7,"73":7,"74":7,"75":7,"76":7,"77":10,"78":10,"79":10,"80":10,"81":10,"82":10,"83":10,"84":3,"85":3,"86":3,"87":3,"88":3,"89":3,"90":3,"91":3,"92":3,"93":1,"94":1},"branchMap":{"0":{"type":"branch","line":6,"loc":{"start":{"line":6,"column":0},"end":{"line":93,"column":1}},"locations":[{"start":{"line":6,"column":0},"end":{"line":93,"column":1}}]},"1":{"type":"branch","line":50,"loc":{"start":{"line":50,"column":9},"end":{"line":50,"column":46}},"locations":[{"start":{"line":50,"column":9},"end":{"line":50,"column":46}}]},"2":{"type":"branch","line":50,"loc":{"start":{"line":50,"column":46},"end":{"line":59,"column":7}},"locations":[{"start":{"line":50,"column":46},"end":{"line":59,"column":7}}]},"3":{"type":"branch","line":60,"loc":{"start":{"line":60,"column":-2},"end":{"line":65,"column":37}},"locations":[{"start":{"line":60,"column":-2},"end":{"line":65,"column":37}}]},"4":{"type":"branch","line":65,"loc":{"start":{"line":65,"column":34},"end":{"line":84,"column":13}},"locations":[{"start":{"line":65,"column":34},"end":{"line":84,"column":13}}]},"5":{"type":"branch","line":25,"loc":{"start":{"line":25,"column":30},"end":{"line":42,"column":8}},"locations":[{"start":{"line":25,"column":30},"end":{"line":42,"column":8}}]},"6":{"type":"branch","line":25,"loc":{"start":{"line":25,"column":35},"end":{"line":42,"column":8}},"locations":[{"start":{"line":25,"column":35},"end":{"line":42,"column":8}}]},"7":{"type":"branch","line":30,"loc":{"start":{"line":30,"column":28},"end":{"line":30,"column":52}},"locations":[{"start":{"line":30,"column":28},"end":{"line":30,"column":52}}]},"8":{"type":"branch","line":34,"loc":{"start":{"line":34,"column":8},"end":{"line":37,"column":9}},"locations":[{"start":{"line":34,"column":8},"end":{"line":37,"column":9}}]},"9":{"type":"branch","line":28,"loc":{"start":{"line":28,"column":49},"end":{"line":28,"column":68}},"locations":[{"start":{"line":28,"column":49},"end":{"line":28,"column":68}}]},"10":{"type":"branch","line":29,"loc":{"start":{"line":29,"column":53},"end":{"line":29,"column":76}},"locations":[{"start":{"line":29,"column":53},"end":{"line":29,"column":76}}]},"11":{"type":"branch","line":32,"loc":{"start":{"line":32,"column":30},"end":{"line":32,"column":48}},"locations":[{"start":{"line":32,"column":30},"end":{"line":32,"column":48}}]},"12":{"type":"branch","line":43,"loc":{"start":{"line":43,"column":14},"end":{"line":47,"column":8}},"locations":[{"start":{"line":43,"column":14},"end":{"line":47,"column":8}}]},"13":{"type":"branch","line":44,"loc":{"start":{"line":44,"column":35},"end":{"line":46,"column":7}},"locations":[{"start":{"line":44,"column":35},"end":{"line":46,"column":7}}]},"14":{"type":"branch","line":65,"loc":{"start":{"line":65,"column":57},"end":{"line":84,"column":13}},"locations":[{"start":{"line":65,"column":57},"end":{"line":84,"column":13}}]},"15":{"type":"branch","line":66,"loc":{"start":{"line":66,"column":37},"end":{"line":66,"column":46}},"locations":[{"start":{"line":66,"column":37},"end":{"line":66,"column":46}}]},"16":{"type":"branch","line":71,"loc":{"start":{"line":71,"column":45},"end":{"line":78,"column":26}},"locations":[{"start":{"line":71,"column":45},"end":{"line":78,"column":26}}]},"17":{"type":"branch","line":78,"loc":{"start":{"line":78,"column":22},"end":{"line":78,"column":26}},"locations":[{"start":{"line":78,"column":22},"end":{"line":78,"column":26}}]}},"b":{"0":[3],"1":[1],"2":[1],"3":[2],"4":[1],"5":[1],"6":[1],"7":[0],"8":[0],"9":[10],"10":[10],"11":[1],"12":[2],"13":[1],"14":[10],"15":[0],"16":[7],"17":[3]},"fnMap":{"0":{"name":"NasaProjects","decl":{"start":{"line":6,"column":0},"end":{"line":93,"column":1}},"loc":{"start":{"line":6,"column":0},"end":{"line":93,"column":1}},"line":6}},"f":{"0":3}}
,"C:\\Users\\adiac\\Desktop\\work\\projects\\nasa\\nasa-project\\src\\pages\\NearEarthObjects.jsx": {"path":"C:\\Users\\adiac\\Desktop\\work\\projects\\nasa\\nasa-project\\src\\pages\\NearEarthObjects.jsx","all":false,"statementMap":{"0":{"start":{"line":1,"column":0},"end":{"line":1,"column":40}},"1":{"start":{"line":2,"column":0},"end":{"line":2,"column":79}},"2":{"start":{"line":3,"column":0},"end":{"line":3,"column":0}},"3":{"start":{"line":4,"column":0},"end":{"line":4,"column":0}},"4":{"start":{"line":5,"column":0},"end":{"line":5,"column":29}},"5":{"start":{"line":6,"column":0},"end":{"line":6,"column":61}},"6":{"start":{"line":7,"column":0},"end":{"line":7,"column":77}},"7":{"start":{"line":8,"column":0},"end":{"line":8,"column":69}},"8":{"start":{"line":9,"column":0},"end":{"line":9,"column":59}},"9":{"start":{"line":10,"column":0},"end":{"line":10,"column":16}},"10":{"start":{"line":11,"column":0},"end":{"line":11,"column":13}},"11":{"start":{"line":12,"column":0},"end":{"line":12,"column":10}},"12":{"start":{"line":13,"column":0},"end":{"line":13,"column":23}},"13":{"start":{"line":14,"column":0},"end":{"line":14,"column":45}},"14":{"start":{"line":15,"column":0},"end":{"line":15,"column":54}},"15":{"start":{"line":16,"column":0},"end":{"line":16,"column":20}},"16":{"start":{"line":17,"column":0},"end":{"line":17,"column":11}},"17":{"start":{"line":18,"column":0},"end":{"line":18,"column":7}},"18":{"start":{"line":19,"column":0},"end":{"line":19,"column":5}},"19":{"start":{"line":20,"column":0},"end":{"line":20,"column":0}},"20":{"start":{"line":21,"column":0},"end":{"line":21,"column":46}},"21":{"start":{"line":22,"column":0},"end":{"line":22,"column":15}},"22":{"start":{"line":23,"column":0},"end":{"line":23,"column":14}},"23":{"start":{"line":24,"column":0},"end":{"line":24,"column":21}},"24":{"start":{"line":25,"column":0},"end":{"line":25,"column":43}},"25":{"start":{"line":26,"column":0},"end":{"line":26,"column":73}},"26":{"start":{"line":27,"column":0},"end":{"line":27,"column":23}},"27":{"start":{"line":28,"column":0},"end":{"line":28,"column":82}},"28":{"start":{"line":29,"column":0},"end":{"line":29,"column":59}},"29":{"start":{"line":30,"column":0},"end":{"line":30,"column":73}},"30":{"start":{"line":31,"column":0},"end":{"line":31,"column":79}},"31":{"start":{"line":32,"column":0},"end":{"line":32,"column":32}},"32":{"start":{"line":33,"column":0},"end":{"line":33,"column":58}},"33":{"start":{"line":34,"column":0},"end":{"line":34,"column":140}},"34":{"start":{"line":35,"column":0},"end":{"line":35,"column":147}},"35":{"start":{"line":36,"column":0},"end":{"line":36,"column":156}},"36":{"start":{"line":37,"column":0},"end":{"line":37,"column":121}},"37":{"start":{"line":38,"column":0},"end":{"line":38,"column":120}},"38":{"start":{"line":39,"column":0},"end":{"line":39,"column":32}},"39":{"start":{"line":40,"column":0},"end":{"line":40,"column":46}},"40":{"start":{"line":41,"column":0},"end":{"line":41,"column":26}},"41":{"start":{"line":42,"column":0},"end":{"line":42,"column":32}},"42":{"start":{"line":43,"column":0},"end":{"line":43,"column":18}},"43":{"start":{"line":44,"column":0},"end":{"line":44,"column":5}},"44":{"start":{"line":45,"column":0},"end":{"line":45,"column":1}},"45":{"start":{"line":46,"column":0},"end":{"line":46,"column":0}},"46":{"start":{"line":47,"column":0},"end":{"line":47,"column":31}}},"s":{"0":1,"1":1,"2":1,"3":1,"4":3,"5":3,"6":3,"7":3,"8":3,"9":3,"10":1,"11":1,"12":1,"13":1,"14":1,"15":1,"16":1,"17":1,"18":1,"19":2,"20":3,"21":3,"22":3,"23":3,"24":3,"25":3,"26":20,"27":20,"28":20,"29":20,"30":20,"31":20,"32":20,"33":20,"34":20,"35":20,"36":20,"37":20,"38":20,"39":20,"40":20,"41":3,"42":3,"43":3,"44":3,"45":1,"46":1},"branchMap":{"0":{"type":"branch","line":5,"loc":{"start":{"line":5,"column":0},"end":{"line":45,"column":1}},"locations":[{"start":{"line":5,"column":0},"end":{"line":45,"column":1}}]},"1":{"type":"branch","line":9,"loc":{"start":{"line":9,"column":29},"end":{"line":9,"column":57}},"locations":[{"start":{"line":9,"column":29},"end":{"line":9,"column":57}}]},"2":{"type":"branch","line":9,"loc":{"start":{"line":9,"column":35},"end":{"line":9,"column":59}},"locations":[{"start":{"line":9,"column":35},"end":{"line":9,"column":59}}]},"3":{"type":"branch","line":10,"loc":{"start":{"line":10,"column":15},"end":{"line":19,"column":5}},"locations":[{"start":{"line":10,"column":15},"end":{"line":19,"column":5}}]},"4":{"type":"branch","line":20,"loc":{"start":{"line":20,"column":-2},"end":{"line":21,"column":13}},"locations":[{"start":{"line":20,"column":-2},"end":{"line":21,"column":13}}]},"5":{"type":"branch","line":26,"loc":{"start":{"line":26,"column":55},"end":{"line":41,"column":26}},"locations":[{"start":{"line":26,"column":55},"end":{"line":41,"column":26}}]},"6":{"type":"branch","line":34,"loc":{"start":{"line":34,"column":90},"end":{"line":34,"column":131}},"locations":[{"start":{"line":34,"column":90},"end":{"line":34,"column":131}}]},"7":{"type":"branch","line":34,"loc":{"start":{"line":34,"column":124},"end":{"line":34,"column":135}},"locations":[{"start":{"line":34,"column":124},"end":{"line":34,"column":135}}]}},"b":{"0":[3],"1":[1],"2":[2],"3":[1],"4":[2],"5":[20],"6":[3],"7":[17]},"fnMap":{"0":{"name":"NearEarthObjects","decl":{"start":{"line":5,"column":0},"end":{"line":45,"column":1}},"loc":{"start":{"line":5,"column":0},"end":{"line":45,"column":1}},"line":5}},"f":{"0":3}}
,"C:\\Users\\adiac\\Desktop\\work\\projects\\nasa\\nasa-project\\src\\pages\\PictureOfTheDay.jsx": {"path":"C:\\Users\\adiac\\Desktop\\work\\projects\\nasa\\nasa-project\\src\\pages\\PictureOfTheDay.jsx","all":false,"statementMap":{"0":{"start":{"line":1,"column":0},"end":{"line":1,"column":75}},"1":{"start":{"line":2,"column":0},"end":{"line":2,"column":107}},"2":{"start":{"line":3,"column":0},"end":{"line":3,"column":55}},"3":{"start":{"line":4,"column":0},"end":{"line":4,"column":86}},"4":{"start":{"line":5,"column":0},"end":{"line":5,"column":0}},"5":{"start":{"line":6,"column":0},"end":{"line":6,"column":0}},"6":{"start":{"line":7,"column":0},"end":{"line":7,"column":0}},"7":{"start":{"line":8,"column":0},"end":{"line":8,"column":28}},"8":{"start":{"line":9,"column":0},"end":{"line":9,"column":0}},"9":{"start":{"line":10,"column":0},"end":{"line":10,"column":61}},"10":{"start":{"line":11,"column":0},"end":{"line":11,"column":28}},"11":{"start":{"line":12,"column":0},"end":{"line":12,"column":32}},"12":{"start":{"line":13,"column":0},"end":{"line":13,"column":22}},"13":{"start":{"line":14,"column":0},"end":{"line":14,"column":21}},"14":{"start":{"line":15,"column":0},"end":{"line":15,"column":25}},"15":{"start":{"line":16,"column":0},"end":{"line":16,"column":6}},"16":{"start":{"line":17,"column":0},"end":{"line":17,"column":52}},"17":{"start":{"line":18,"column":0},"end":{"line":18,"column":161}},"18":{"start":{"line":19,"column":0},"end":{"line":19,"column":38}},"19":{"start":{"line":20,"column":0},"end":{"line":20,"column":95}},"20":{"start":{"line":21,"column":0},"end":{"line":21,"column":49}},"21":{"start":{"line":22,"column":0},"end":{"line":22,"column":45}},"22":{"start":{"line":23,"column":0},"end":{"line":23,"column":142}},"23":{"start":{"line":24,"column":0},"end":{"line":24,"column":118}},"24":{"start":{"line":25,"column":0},"end":{"line":25,"column":48}},"25":{"start":{"line":26,"column":0},"end":{"line":26,"column":26}},"26":{"start":{"line":27,"column":0},"end":{"line":27,"column":10}},"27":{"start":{"line":28,"column":0},"end":{"line":28,"column":36}},"28":{"start":{"line":29,"column":0},"end":{"line":29,"column":38}},"29":{"start":{"line":30,"column":0},"end":{"line":30,"column":47}},"30":{"start":{"line":31,"column":0},"end":{"line":31,"column":22}},"31":{"start":{"line":32,"column":0},"end":{"line":32,"column":53}},"32":{"start":{"line":33,"column":0},"end":{"line":33,"column":9}},"33":{"start":{"line":34,"column":0},"end":{"line":34,"column":8}},"34":{"start":{"line":35,"column":0},"end":{"line":35,"column":7}},"35":{"start":{"line":36,"column":0},"end":{"line":36,"column":17}},"36":{"start":{"line":37,"column":0},"end":{"line":37,"column":26}},"37":{"start":{"line":38,"column":0},"end":{"line":38,"column":26}},"38":{"start":{"line":39,"column":0},"end":{"line":39,"column":7}},"39":{"start":{"line":40,"column":0},"end":{"line":40,"column":14}},"40":{"start":{"line":41,"column":0},"end":{"line":41,"column":31}},"41":{"start":{"line":42,"column":0},"end":{"line":42,"column":7}},"42":{"start":{"line":43,"column":0},"end":{"line":43,"column":6}},"43":{"start":{"line":44,"column":0},"end":{"line":44,"column":13}},"44":{"start":{"line":45,"column":0},"end":{"line":45,"column":19}},"45":{"start":{"line":46,"column":0},"end":{"line":46,"column":94}},"46":{"start":{"line":47,"column":0},"end":{"line":47,"column":19}},"47":{"start":{"line":48,"column":0},"end":{"line":48,"column":7}},"48":{"start":{"line":49,"column":0},"end":{"line":49,"column":40}},"49":{"start":{"line":50,"column":0},"end":{"line":50,"column":0}},"50":{"start":{"line":51,"column":0},"end":{"line":51,"column":42}},"51":{"start":{"line":52,"column":0},"end":{"line":52,"column":13}},"52":{"start":{"line":53,"column":0},"end":{"line":53,"column":10}},"53":{"start":{"line":54,"column":0},"end":{"line":54,"column":23}},"54":{"start":{"line":55,"column":0},"end":{"line":55,"column":50}},"55":{"start":{"line":56,"column":0},"end":{"line":56,"column":54}},"56":{"start":{"line":57,"column":0},"end":{"line":57,"column":20}},"57":{"start":{"line":58,"column":0},"end":{"line":58,"column":11}},"58":{"start":{"line":59,"column":0},"end":{"line":59,"column":7}},"59":{"start":{"line":60,"column":0},"end":{"line":60,"column":5}},"60":{"start":{"line":61,"column":0},"end":{"line":61,"column":4}},"61":{"start":{"line":62,"column":0},"end":{"line":62,"column":42}},"62":{"start":{"line":63,"column":0},"end":{"line":63,"column":2}},"63":{"start":{"line":64,"column":0},"end":{"line":64,"column":12}},"64":{"start":{"line":65,"column":0},"end":{"line":65,"column":8}},"65":{"start":{"line":66,"column":0},"end":{"line":66,"column":19}},"66":{"start":{"line":67,"column":0},"end":{"line":67,"column":46}},"67":{"start":{"line":68,"column":0},"end":{"line":68,"column":46}},"68":{"start":{"line":69,"column":0},"end":{"line":69,"column":40}},"69":{"start":{"line":70,"column":0},"end":{"line":70,"column":50}},"70":{"start":{"line":71,"column":0},"end":{"line":71,"column":206}},"71":{"start":{"line":72,"column":0},"end":{"line":72,"column":16}},"72":{"start":{"line":73,"column":0},"end":{"line":73,"column":0}},"73":{"start":{"line":74,"column":0},"end":{"line":74,"column":91}},"74":{"start":{"line":75,"column":0},"end":{"line":75,"column":14}},"75":{"start":{"line":76,"column":0},"end":{"line":76,"column":40}},"76":{"start":{"line":77,"column":0},"end":{"line":77,"column":17}},"77":{"start":{"line":78,"column":0},"end":{"line":78,"column":34}},"78":{"start":{"line":79,"column":0},"end":{"line":79,"column":65}},"79":{"start":{"line":80,"column":0},"end":{"line":80,"column":71}},"80":{"start":{"line":81,"column":0},"end":{"line":81,"column":46}},"81":{"start":{"line":82,"column":0},"end":{"line":82,"column":44}},"82":{"start":{"line":83,"column":0},"end":{"line":83,"column":47}},"83":{"start":{"line":84,"column":0},"end":{"line":84,"column":54}},"84":{"start":{"line":85,"column":0},"end":{"line":85,"column":44}},"85":{"start":{"line":86,"column":0},"end":{"line":86,"column":46}},"86":{"start":{"line":87,"column":0},"end":{"line":87,"column":58}},"87":{"start":{"line":88,"column":0},"end":{"line":88,"column":55}},"88":{"start":{"line":89,"column":0},"end":{"line":89,"column":32}},"89":{"start":{"line":90,"column":0},"end":{"line":90,"column":33}},"90":{"start":{"line":91,"column":0},"end":{"line":91,"column":23}},"91":{"start":{"line":92,"column":0},"end":{"line":92,"column":22}},"92":{"start":{"line":93,"column":0},"end":{"line":93,"column":44}},"93":{"start":{"line":94,"column":0},"end":{"line":94,"column":39}},"94":{"start":{"line":95,"column":0},"end":{"line":95,"column":28}},"95":{"start":{"line":96,"column":0},"end":{"line":96,"column":66}},"96":{"start":{"line":97,"column":0},"end":{"line":97,"column":74}},"97":{"start":{"line":98,"column":0},"end":{"line":98,"column":50}},"98":{"start":{"line":99,"column":0},"end":{"line":99,"column":48}},"99":{"start":{"line":100,"column":0},"end":{"line":100,"column":51}},"100":{"start":{"line":101,"column":0},"end":{"line":101,"column":58}},"101":{"start":{"line":102,"column":0},"end":{"line":102,"column":48}},"102":{"start":{"line":103,"column":0},"end":{"line":103,"column":50}},"103":{"start":{"line":104,"column":0},"end":{"line":104,"column":62}},"104":{"start":{"line":105,"column":0},"end":{"line":105,"column":59}},"105":{"start":{"line":106,"column":0},"end":{"line":106,"column":58}},"106":{"start":{"line":107,"column":0},"end":{"line":107,"column":41}},"107":{"start":{"line":108,"column":0},"end":{"line":108,"column":21}},"108":{"start":{"line":109,"column":0},"end":{"line":109,"column":20}},"109":{"start":{"line":110,"column":0},"end":{"line":110,"column":17}},"110":{"start":{"line":111,"column":0},"end":{"line":111,"column":27}},"111":{"start":{"line":112,"column":0},"end":{"line":112,"column":14}},"112":{"start":{"line":113,"column":0},"end":{"line":113,"column":8}},"113":{"start":{"line":114,"column":0},"end":{"line":114,"column":38}},"114":{"start":{"line":115,"column":0},"end":{"line":115,"column":25}},"115":{"start":{"line":116,"column":0},"end":{"line":116,"column":9}},"116":{"start":{"line":117,"column":0},"end":{"line":117,"column":6}},"117":{"start":{"line":118,"column":0},"end":{"line":118,"column":5}},"118":{"start":{"line":119,"column":0},"end":{"line":119,"column":3}},"119":{"start":{"line":120,"column":0},"end":{"line":120,"column":0}},"120":{"start":{"line":121,"column":0},"end":{"line":121,"column":30}}},"s":{"0":1,"1":1,"2":1,"3":1,"4":1,"5":1,"6":1,"7":5,"8":5,"9":5,"10":5,"11":5,"12":5,"13":5,"14":5,"15":5,"16":5,"17":5,"18":5,"19":5,"20":5,"21":5,"22":5,"23":5,"24":5,"25":2,"26":2,"27":2,"28":2,"29":2,"30":2,"31":2,"32":2,"33":2,"34":2,"35":2,"36":0,"37":0,"38":0,"39":2,"40":2,"41":2,"42":2,"43":5,"44":5,"45":2,"46":2,"47":2,"48":5,"49":5,"50":5,"51":1,"52":1,"53":1,"54":1,"55":1,"56":1,"57":1,"58":1,"59":1,"60":4,"61":5,"62":5,"63":5,"64":5,"65":5,"66":5,"67":5,"68":5,"69":5,"70":5,"71":5,"72":5,"73":5,"74":5,"75":5,"76":5,"77":5,"78":4,"79":27,"80":27,"81":27,"82":27,"83":27,"84":27,"85":27,"86":27,"87":27,"88":27,"89":27,"90":27,"91":27,"92":5,"93":0,"94":0,"95":0,"96":0,"97":0,"98":0,"99":0,"100":0,"101":0,"102":0,"103":0,"104":0,"105":0,"106":0,"107":0,"108":0,"109":5,"110":5,"111":5,"112":5,"113":5,"114":5,"115":5,"116":5,"117":5,"118":5,"119":1,"120":1},"branchMap":{"0":{"type":"branch","line":4,"loc":{"start":{"line":4,"column":35},"end":{"line":4,"column":86}},"locations":[{"start":{"line":4,"column":35},"end":{"line":4,"column":86}}]},"1":{"type":"branch","line":8,"loc":{"start":{"line":8,"column":0},"end":{"line":119,"column":3}},"locations":[{"start":{"line":8,"column":0},"end":{"line":119,"column":3}}]},"2":{"type":"branch","line":18,"loc":{"start":{"line":18,"column":53},"end":{"line":18,"column":105}},"locations":[{"start":{"line":18,"column":53},"end":{"line":18,"column":105}}]},"3":{"type":"branch","line":18,"loc":{"start":{"line":18,"column":135},"end":{"line":18,"column":138}},"locations":[{"start":{"line":18,"column":135},"end":{"line":18,"column":138}}]},"4":{"type":"branch","line":18,"loc":{"start":{"line":18,"column":147},"end":{"line":18,"column":157}},"locations":[{"start":{"line":18,"column":147},"end":{"line":18,"column":157}}]},"5":{"type":"branch","line":23,"loc":{"start":{"line":23,"column":129},"end":{"line":23,"column":132}},"locations":[{"start":{"line":23,"column":129},"end":{"line":23,"column":132}}]},"6":{"type":"branch","line":51,"loc":{"start":{"line":51,"column":7},"end":{"line":51,"column":40}},"locations":[{"start":{"line":51,"column":7},"end":{"line":51,"column":40}}]},"7":{"type":"branch","line":51,"loc":{"start":{"line":51,"column":41},"end":{"line":60,"column":5}},"locations":[{"start":{"line":51,"column":41},"end":{"line":60,"column":5}}]},"8":{"type":"branch","line":61,"loc":{"start":{"line":61,"column":-2},"end":{"line":62,"column":13}},"locations":[{"start":{"line":61,"column":-2},"end":{"line":62,"column":13}}]},"9":{"type":"branch","line":71,"loc":{"start":{"line":71,"column":97},"end":{"line":71,"column":105}},"locations":[{"start":{"line":71,"column":97},"end":{"line":71,"column":105}}]},"10":{"type":"branch","line":71,"loc":{"start":{"line":71,"column":113},"end":{"line":71,"column":125}},"locations":[{"start":{"line":71,"column":113},"end":{"line":71,"column":125}}]},"11":{"type":"branch","line":71,"loc":{"start":{"line":71,"column":125},"end":{"line":71,"column":129}},"locations":[{"start":{"line":71,"column":125},"end":{"line":71,"column":129}}]},"12":{"type":"branch","line":78,"loc":{"start":{"line":78,"column":19},"end":{"line":93,"column":23}},"locations":[{"start":{"line":78,"column":19},"end":{"line":93,"column":23}}]},"13":{"type":"branch","line":93,"loc":{"start":{"line":93,"column":22},"end":{"line":109,"column":20}},"locations":[{"start":{"line":93,"column":22},"end":{"line":109,"column":20}}]},"14":{"type":"branch","line":114,"loc":{"start":{"line":114,"column":9},"end":{"line":114,"column":36}},"locations":[{"start":{"line":114,"column":9},"end":{"line":114,"column":36}}]},"15":{"type":"branch","line":114,"loc":{"start":{"line":114,"column":32},"end":{"line":114,"column":36}},"locations":[{"start":{"line":114,"column":32},"end":{"line":114,"column":36}}]},"16":{"type":"branch","line":24,"loc":{"start":{"line":24,"column":47},"end":{"line":24,"column":118}},"locations":[{"start":{"line":24,"column":47},"end":{"line":24,"column":118}}]},"17":{"type":"branch","line":25,"loc":{"start":{"line":25,"column":30},"end":{"line":44,"column":6}},"locations":[{"start":{"line":25,"column":30},"end":{"line":44,"column":6}}]},"18":{"type":"branch","line":25,"loc":{"start":{"line":25,"column":35},"end":{"line":44,"column":6}},"locations":[{"start":{"line":25,"column":35},"end":{"line":44,"column":6}}]},"19":{"type":"branch","line":30,"loc":{"start":{"line":30,"column":22},"end":{"line":30,"column":47}},"locations":[{"start":{"line":30,"column":22},"end":{"line":30,"column":47}}]},"20":{"type":"branch","line":36,"loc":{"start":{"line":36,"column":6},"end":{"line":39,"column":7}},"locations":[{"start":{"line":36,"column":6},"end":{"line":39,"column":7}}]},"21":{"type":"branch","line":26,"loc":{"start":{"line":26,"column":17},"end":{"line":26,"column":25}},"locations":[{"start":{"line":26,"column":17},"end":{"line":26,"column":25}}]},"22":{"type":"branch","line":32,"loc":{"start":{"line":32,"column":28},"end":{"line":32,"column":53}},"locations":[{"start":{"line":32,"column":28},"end":{"line":32,"column":53}}]},"23":{"type":"branch","line":41,"loc":{"start":{"line":41,"column":21},"end":{"line":41,"column":30}},"locations":[{"start":{"line":41,"column":21},"end":{"line":41,"column":30}}]},"24":{"type":"branch","line":45,"loc":{"start":{"line":45,"column":14},"end":{"line":49,"column":6}},"locations":[{"start":{"line":45,"column":14},"end":{"line":49,"column":6}}]},"25":{"type":"branch","line":46,"loc":{"start":{"line":46,"column":31},"end":{"line":46,"column":93}},"locations":[{"start":{"line":46,"column":31},"end":{"line":46,"column":93}}]},"26":{"type":"branch","line":79,"loc":{"start":{"line":79,"column":58},"end":{"line":93,"column":23}},"locations":[{"start":{"line":79,"column":58},"end":{"line":93,"column":23}}]}},"b":{"0":[1],"1":[5],"2":[0],"3":[0],"4":[0],"5":[0],"6":[2],"7":[1],"8":[4],"9":[0],"10":[4],"11":[0],"12":[4],"13":[0],"14":[1],"15":[3],"16":[27],"17":[1],"18":[2],"19":[0],"20":[0],"21":[2],"22":[2],"23":[2],"24":[2],"25":[1],"26":[27]},"fnMap":{"0":{"name":"PictureOfTheDay","decl":{"start":{"line":8,"column":0},"end":{"line":119,"column":3}},"loc":{"start":{"line":8,"column":0},"end":{"line":119,"column":3}},"line":8},"1":{"name":"handleChange","decl":{"start":{"line":71,"column":175},"end":{"line":71,"column":206}},"loc":{"start":{"line":71,"column":175},"end":{"line":71,"column":206}},"line":71},"2":{"name":"handleChange","decl":{"start":{"line":74,"column":55},"end":{"line":74,"column":91}},"loc":{"start":{"line":74,"column":55},"end":{"line":74,"column":91}},"line":74}},"f":{"0":5,"1":0,"2":0}}
}
